[ 2016-06-07T00:13:04+08:00 ] ::1 /take-away-coffee/index.php/Home/Index/search
INFO: [ app_begin ] --START--
INFO: Run Behavior\ReadHtmlCacheBehavior [ RunTime:0.000978s ]
INFO: [ app_begin ] --END-- [ RunTime:0.001481s ]
SQL: SHOW COLUMNS FROM `goods` [ RunTime:0.0123s ]
SQL: SELECT * FROM `goods`  [ RunTime:0.0004s ]
NOTIC: [8] Undefined variable: li C:\xampp\htdocs\take-away-coffee\Application\Home\Controller\IndexController.class.php 第 69 行.
NOTIC: [2] Invalid argument supplied for foreach() C:\xampp\htdocs\take-away-coffee\Application\Home\Controller\IndexController.class.php 第 69 行.
INFO: [ app_end ] --START--
INFO: Run Behavior\ShowPageTraceBehavior [ RunTime:0.001009s ]
INFO: [ app_end ] --END-- [ RunTime:0.001060s ]

[ 2016-06-07T00:13:56+08:00 ] ::1 /take-away-coffee/index.php/Home/Index/search
INFO: [ app_begin ] --START--
INFO: Run Behavior\ReadHtmlCacheBehavior [ RunTime:0.000606s ]
INFO: [ app_begin ] --END-- [ RunTime:0.000939s ]
SQL: SHOW COLUMNS FROM `goods` [ RunTime:0.0231s ]
SQL: SELECT * FROM `goods` WHERE `goodsname` LIKE '%星巴克3%' AND `describe` LIKE '%星巴克3%'  [ RunTime:0.0005s ]
NOTIC: [8] Undefined variable: li C:\xampp\htdocs\take-away-coffee\Application\Home\Controller\IndexController.class.php 第 69 行.
NOTIC: [2] Invalid argument supplied for foreach() C:\xampp\htdocs\take-away-coffee\Application\Home\Controller\IndexController.class.php 第 69 行.
INFO: [ app_end ] --START--
INFO: Run Behavior\ShowPageTraceBehavior [ RunTime:0.000678s ]
INFO: [ app_end ] --END-- [ RunTime:0.000720s ]

[ 2016-06-07T00:14:06+08:00 ] ::1 /take-away-coffee/index.php/Home/Index/search
INFO: [ app_begin ] --START--
INFO: Run Behavior\ReadHtmlCacheBehavior [ RunTime:0.000525s ]
INFO: [ app_begin ] --END-- [ RunTime:0.000813s ]
SQL: SHOW COLUMNS FROM `goods` [ RunTime:0.1660s ]
SQL: SELECT * FROM `goods` WHERE `goodsname` LIKE '%星巴克%' AND `describe` LIKE '%星巴克%'  [ RunTime:0.0005s ]
NOTIC: [8] Undefined variable: li C:\xampp\htdocs\take-away-coffee\Application\Home\Controller\IndexController.class.php 第 69 行.
NOTIC: [2] Invalid argument supplied for foreach() C:\xampp\htdocs\take-away-coffee\Application\Home\Controller\IndexController.class.php 第 69 行.
INFO: [ app_end ] --START--
INFO: Run Behavior\ShowPageTraceBehavior [ RunTime:0.001047s ]
INFO: [ app_end ] --END-- [ RunTime:0.001124s ]

[ 2016-06-07T00:14:45+08:00 ] ::1 /take-away-coffee/index.php/Home/Index/search
INFO: [ app_begin ] --START--
INFO: Run Behavior\ReadHtmlCacheBehavior [ RunTime:0.000732s ]
INFO: [ app_begin ] --END-- [ RunTime:0.001105s ]
SQL: SHOW COLUMNS FROM `goods` [ RunTime:0.0226s ]
SQL: SELECT * FROM `goods` WHERE `goodsname` LIKE '%星巴克%' AND `describe` LIKE '%星巴克%'  [ RunTime:0.0003s ]
NOTIC: [8] Undefined variable: li C:\xampp\htdocs\take-away-coffee\Application\Home\Controller\IndexController.class.php 第 69 行.
NOTIC: [2] Invalid argument supplied for foreach() C:\xampp\htdocs\take-away-coffee\Application\Home\Controller\IndexController.class.php 第 69 行.
INFO: [ app_end ] --START--
INFO: Run Behavior\ShowPageTraceBehavior [ RunTime:0.000846s ]
INFO: [ app_end ] --END-- [ RunTime:0.000885s ]

[ 2016-06-07T00:15:07+08:00 ] ::1 /take-away-coffee/index.php/Home/Index/search
INFO: [ app_begin ] --START--
INFO: Run Behavior\ReadHtmlCacheBehavior [ RunTime:0.000658s ]
INFO: [ app_begin ] --END-- [ RunTime:0.000963s ]
SQL: SHOW COLUMNS FROM `goods` [ RunTime:0.0222s ]
SQL: SELECT * FROM `goods` WHERE `goodsname` LIKE '%星巴克%' AND `describe` LIKE '%星巴克%'  [ RunTime:0.0004s ]
NOTIC: [8] Undefined variable: li C:\xampp\htdocs\take-away-coffee\Application\Home\Controller\IndexController.class.php 第 70 行.
NOTIC: [2] Invalid argument supplied for foreach() C:\xampp\htdocs\take-away-coffee\Application\Home\Controller\IndexController.class.php 第 70 行.
INFO: [ app_end ] --START--
INFO: Run Behavior\ShowPageTraceBehavior [ RunTime:0.000828s ]
INFO: [ app_end ] --END-- [ RunTime:0.000863s ]

[ 2016-06-07T00:15:55+08:00 ] ::1 /take-away-coffee/index.php/Home/Index/search
INFO: [ app_begin ] --START--
INFO: Run Behavior\ReadHtmlCacheBehavior [ RunTime:0.000627s ]
INFO: [ app_begin ] --END-- [ RunTime:0.001021s ]
SQL: SHOW COLUMNS FROM `goods` [ RunTime:0.0104s ]
SQL: SELECT * FROM `goods` WHERE `goodsname` LIKE '%星巴克3%' OR `describe` LIKE '%星巴克3%'  [ RunTime:0.0003s ]
NOTIC: [8] Undefined variable: li C:\xampp\htdocs\take-away-coffee\Application\Home\Controller\IndexController.class.php 第 70 行.
NOTIC: [2] Invalid argument supplied for foreach() C:\xampp\htdocs\take-away-coffee\Application\Home\Controller\IndexController.class.php 第 70 行.
INFO: [ app_end ] --START--
INFO: Run Behavior\ShowPageTraceBehavior [ RunTime:0.000795s ]
INFO: [ app_end ] --END-- [ RunTime:0.000834s ]

[ 2016-06-07T00:16:14+08:00 ] ::1 /take-away-coffee/index.php/Home/Index/search
INFO: [ app_begin ] --START--
INFO: Run Behavior\ReadHtmlCacheBehavior [ RunTime:0.000611s ]
INFO: [ app_begin ] --END-- [ RunTime:0.000910s ]
SQL: SHOW COLUMNS FROM `goods` [ RunTime:0.0102s ]
SQL: SELECT * FROM `goods` WHERE `goodsname` LIKE '%星巴克%' OR `describe` LIKE '%星巴克%'  [ RunTime:0.0004s ]
NOTIC: [8] Undefined variable: li C:\xampp\htdocs\take-away-coffee\Application\Home\Controller\IndexController.class.php 第 70 行.
NOTIC: [2] Invalid argument supplied for foreach() C:\xampp\htdocs\take-away-coffee\Application\Home\Controller\IndexController.class.php 第 70 行.
INFO: [ app_end ] --START--
INFO: Run Behavior\ShowPageTraceBehavior [ RunTime:0.000596s ]
INFO: [ app_end ] --END-- [ RunTime:0.000635s ]

[ 2016-06-07T00:16:17+08:00 ] ::1 /take-away-coffee/index.php/Home/Index/search
INFO: [ app_begin ] --START--
INFO: Run Behavior\ReadHtmlCacheBehavior [ RunTime:0.000524s ]
INFO: [ app_begin ] --END-- [ RunTime:0.000809s ]
SQL: SHOW COLUMNS FROM `goods` [ RunTime:0.0105s ]
SQL: SELECT * FROM `goods` WHERE `goodsname` LIKE '%星巴克3%' OR `describe` LIKE '%星巴克3%'  [ RunTime:0.0003s ]
NOTIC: [8] Undefined variable: li C:\xampp\htdocs\take-away-coffee\Application\Home\Controller\IndexController.class.php 第 70 行.
NOTIC: [2] Invalid argument supplied for foreach() C:\xampp\htdocs\take-away-coffee\Application\Home\Controller\IndexController.class.php 第 70 行.
INFO: [ app_end ] --START--
INFO: Run Behavior\ShowPageTraceBehavior [ RunTime:0.000559s ]
INFO: [ app_end ] --END-- [ RunTime:0.000598s ]

[ 2016-06-07T00:16:53+08:00 ] ::1 /take-away-coffee/index.php/Home/Index/search
INFO: [ app_begin ] --START--
INFO: Run Behavior\ReadHtmlCacheBehavior [ RunTime:0.000694s ]
INFO: [ app_begin ] --END-- [ RunTime:0.001051s ]
SQL: SHOW COLUMNS FROM `goods` [ RunTime:0.0245s ]
SQL: SELECT * FROM `goods` WHERE `goodsname` LIKE '%星巴克%' OR `describe` LIKE '%星巴克%'  [ RunTime:0.0004s ]
NOTIC: [8] Undefined variable: li C:\xampp\htdocs\take-away-coffee\Application\Home\Controller\IndexController.class.php 第 70 行.
NOTIC: [2] Invalid argument supplied for foreach() C:\xampp\htdocs\take-away-coffee\Application\Home\Controller\IndexController.class.php 第 70 行.
INFO: [ app_end ] --START--
INFO: Run Behavior\ShowPageTraceBehavior [ RunTime:0.000926s ]
INFO: [ app_end ] --END-- [ RunTime:0.001002s ]

[ 2016-06-07T00:18:15+08:00 ] ::1 /take-away-coffee/index.php/Home/Index/search
INFO: [ app_begin ] --START--
INFO: Run Behavior\ReadHtmlCacheBehavior [ RunTime:0.000608s ]
INFO: [ app_begin ] --END-- [ RunTime:0.001102s ]
SQL: SHOW COLUMNS FROM `goods` [ RunTime:0.0072s ]
SQL: SELECT * FROM `goods` WHERE `goodsname` LIKE '%星巴克3%' OR `describe` LIKE '%星巴克3%'  [ RunTime:0.0003s ]
NOTIC: [8] Undefined variable: li C:\xampp\htdocs\take-away-coffee\Application\Home\Controller\IndexController.class.php 第 74 行.
NOTIC: [8] Undefined variable: li C:\xampp\htdocs\take-away-coffee\Application\Home\Controller\IndexController.class.php 第 74 行.
NOTIC: [8] Undefined variable: li C:\xampp\htdocs\take-away-coffee\Application\Home\Controller\IndexController.class.php 第 77 行.
NOTIC: [8] Undefined variable: li C:\xampp\htdocs\take-away-coffee\Application\Home\Controller\IndexController.class.php 第 78 行.
INFO: [ app_end ] --START--
INFO: Run Behavior\ShowPageTraceBehavior [ RunTime:0.000686s ]
INFO: [ app_end ] --END-- [ RunTime:0.000723s ]

[ 2016-06-07T00:18:16+08:00 ] ::1 /take-away-coffee/index.php/Home/Index/__ROOT__/Public/img/
ERR: 非法操作:__ROOT__

[ 2016-06-07T00:18:46+08:00 ] ::1 /take-away-coffee/index.php/Home/Index/search
INFO: [ app_begin ] --START--
INFO: Run Behavior\ReadHtmlCacheBehavior [ RunTime:0.000815s ]
INFO: [ app_begin ] --END-- [ RunTime:0.001326s ]
SQL: SHOW COLUMNS FROM `goods` [ RunTime:0.0111s ]
SQL: SELECT * FROM `goods` WHERE `goodsname` LIKE '%星巴克3%' OR `describe` LIKE '%星巴克3%'  [ RunTime:0.0003s ]
NOTIC: [8] Undefined index: i C:\xampp\htdocs\take-away-coffee\Application\Home\Controller\IndexController.class.php 第 74 行.
NOTIC: [8] Undefined index: i C:\xampp\htdocs\take-away-coffee\Application\Home\Controller\IndexController.class.php 第 77 行.
NOTIC: [8] Undefined index: i C:\xampp\htdocs\take-away-coffee\Application\Home\Controller\IndexController.class.php 第 78 行.
INFO: [ app_end ] --START--
INFO: Run Behavior\ShowPageTraceBehavior [ RunTime:0.000714s ]
INFO: [ app_end ] --END-- [ RunTime:0.000761s ]

[ 2016-06-07T00:18:46+08:00 ] ::1 /take-away-coffee/index.php/Home/Index/__ROOT__/Public/img/
ERR: 非法操作:__ROOT__

[ 2016-06-07T00:22:52+08:00 ] ::1 /take-away-coffee/index.php/Home/Index/search
INFO: [ app_begin ] --START--
INFO: Run Behavior\ReadHtmlCacheBehavior [ RunTime:0.000608s ]
INFO: [ app_begin ] --END-- [ RunTime:0.000935s ]
SQL: SHOW COLUMNS FROM `goods` [ RunTime:0.0109s ]
SQL: SELECT * FROM `goods` WHERE `goodsname` LIKE '%星巴克3%' OR `describe` LIKE '%星巴克3%'  [ RunTime:0.0003s ]
INFO: [ app_end ] --START--
INFO: Run Behavior\ShowPageTraceBehavior [ RunTime:0.000570s ]
INFO: [ app_end ] --END-- [ RunTime:0.000607s ]

[ 2016-06-07T00:23:20+08:00 ] ::1 /take-away-coffee/index.php/Home/Index/search
INFO: [ app_begin ] --START--
INFO: Run Behavior\ReadHtmlCacheBehavior [ RunTime:0.000618s ]
INFO: [ app_begin ] --END-- [ RunTime:0.000945s ]
SQL: SHOW COLUMNS FROM `goods` [ RunTime:0.0113s ]
SQL: SELECT * FROM `goods` WHERE `goodsname` LIKE '%星巴克%' OR `describe` LIKE '%星巴克%'  [ RunTime:0.0004s ]
INFO: [ app_end ] --START--
INFO: Run Behavior\ShowPageTraceBehavior [ RunTime:0.000640s ]
INFO: [ app_end ] --END-- [ RunTime:0.000685s ]

[ 2016-06-07T00:24:09+08:00 ] ::1 /take-away-coffee/index.php/Home/Index/search
INFO: [ app_begin ] --START--
INFO: Run Behavior\ReadHtmlCacheBehavior [ RunTime:0.000484s ]
INFO: [ app_begin ] --END-- [ RunTime:0.000811s ]
SQL: SHOW COLUMNS FROM `goods` [ RunTime:0.0115s ]
SQL: SELECT * FROM `goods` WHERE `goodsname` LIKE '%星巴克3%' OR `describe` LIKE '%星巴克3%'  [ RunTime:0.0003s ]
INFO: [ app_end ] --START--
INFO: Run Behavior\ShowPageTraceBehavior [ RunTime:0.000761s ]
INFO: [ app_end ] --END-- [ RunTime:0.000805s ]

[ 2016-06-07T00:24:32+08:00 ] ::1 /take-away-coffee/index.php/Home/Index/search
INFO: [ app_begin ] --START--
INFO: Run Behavior\ReadHtmlCacheBehavior [ RunTime:0.001262s ]
INFO: [ app_begin ] --END-- [ RunTime:0.001833s ]
SQL: SHOW COLUMNS FROM `goods` [ RunTime:0.1803s ]
SQL: SELECT * FROM `goods` WHERE `goodsname` LIKE '%星巴克3%' OR `describe` LIKE '%星巴克3%'  [ RunTime:0.0003s ]
INFO: [ app_end ] --START--
INFO: Run Behavior\ShowPageTraceBehavior [ RunTime:0.000830s ]
INFO: [ app_end ] --END-- [ RunTime:0.000869s ]

[ 2016-06-07T00:25:37+08:00 ] ::1 /take-away-coffee/index.php/Home/Index/search
INFO: [ app_begin ] --START--
INFO: Run Behavior\ReadHtmlCacheBehavior [ RunTime:0.000762s ]
INFO: [ app_begin ] --END-- [ RunTime:0.001200s ]
SQL: SHOW COLUMNS FROM `goods` [ RunTime:0.0433s ]
SQL: SELECT * FROM `goods` WHERE `goodsname` LIKE '%星巴克3%' OR `describe` LIKE '%星巴克3%'  [ RunTime:0.0003s ]
INFO: [ app_end ] --START--
INFO: Run Behavior\ShowPageTraceBehavior [ RunTime:0.000811s ]
INFO: [ app_end ] --END-- [ RunTime:0.000850s ]

[ 2016-06-07T00:27:24+08:00 ] ::1 /take-away-coffee/index.php/Home/Index/search
INFO: [ app_begin ] --START--
INFO: Run Behavior\ReadHtmlCacheBehavior [ RunTime:0.000623s ]
INFO: [ app_begin ] --END-- [ RunTime:0.000925s ]
SQL: SHOW COLUMNS FROM `goods` [ RunTime:0.0111s ]
SQL: SELECT * FROM `goods` WHERE `goodsname` LIKE '%星巴克3%' OR `describe` LIKE '%星巴克3%'  [ RunTime:0.0003s ]
INFO: [ app_end ] --START--
INFO: Run Behavior\ShowPageTraceBehavior [ RunTime:0.000924s ]
INFO: [ app_end ] --END-- [ RunTime:0.000976s ]

[ 2016-06-07T00:30:26+08:00 ] ::1 /take-away-coffee/index.php/Home/Index/search
INFO: [ app_begin ] --START--
INFO: Run Behavior\ReadHtmlCacheBehavior [ RunTime:0.000624s ]
INFO: [ app_begin ] --END-- [ RunTime:0.000964s ]
SQL: SHOW COLUMNS FROM `goods` [ RunTime:0.0102s ]
SQL: SELECT * FROM `goods` WHERE `goodsname` LIKE '%星巴克3%' OR `describe` LIKE '%星巴克3%'  [ RunTime:0.0003s ]
INFO: [ app_end ] --START--
INFO: Run Behavior\ShowPageTraceBehavior [ RunTime:0.000815s ]
INFO: [ app_end ] --END-- [ RunTime:0.000854s ]

[ 2016-06-07T00:31:54+08:00 ] ::1 /take-away-coffee/index.php/Home/Index/search
INFO: [ app_begin ] --START--
INFO: Run Behavior\ReadHtmlCacheBehavior [ RunTime:0.000735s ]
INFO: [ app_begin ] --END-- [ RunTime:0.001103s ]
SQL: SHOW COLUMNS FROM `goods` [ RunTime:0.0371s ]
SQL: SELECT * FROM `goods` WHERE `goodsname` LIKE '%星巴克3%' OR `describe` LIKE '%星巴克3%'  [ RunTime:0.0003s ]
INFO: [ app_end ] --START--
INFO: Run Behavior\ShowPageTraceBehavior [ RunTime:0.000778s ]
INFO: [ app_end ] --END-- [ RunTime:0.000815s ]

[ 2016-06-07T00:32:15+08:00 ] ::1 /take-away-coffee/index.php/Home/Index/search
INFO: [ app_begin ] --START--
INFO: Run Behavior\ReadHtmlCacheBehavior [ RunTime:0.000915s ]
INFO: [ app_begin ] --END-- [ RunTime:0.001230s ]
SQL: SHOW COLUMNS FROM `goods` [ RunTime:0.0112s ]
SQL: SELECT * FROM `goods` WHERE `goodsname` LIKE '%星巴克3%' OR `describe` LIKE '%星巴克3%'  [ RunTime:0.0003s ]
INFO: [ app_end ] --START--
INFO: Run Behavior\ShowPageTraceBehavior [ RunTime:0.000883s ]
INFO: [ app_end ] --END-- [ RunTime:0.000936s ]

[ 2016-06-07T00:39:57+08:00 ] ::1 /take-away-coffee/index.php/Home/Index/search
INFO: [ app_begin ] --START--
INFO: Run Behavior\ReadHtmlCacheBehavior [ RunTime:0.000765s ]
INFO: [ app_begin ] --END-- [ RunTime:0.001206s ]
SQL: SHOW COLUMNS FROM `goods` [ RunTime:0.0120s ]
SQL: SELECT * FROM `goods` WHERE `goodsname` LIKE '%星巴克3%' OR `describe` LIKE '%星巴克3%'  [ RunTime:0.0003s ]
NOTIC: [8] Undefined variable: data C:\xampp\htdocs\take-away-coffee\Application\Home\Controller\IndexController.class.php 第 69 行.
INFO: [ app_end ] --START--
INFO: Run Behavior\ShowPageTraceBehavior [ RunTime:0.000774s ]
INFO: [ app_end ] --END-- [ RunTime:0.000820s ]

[ 2016-06-07T00:40:08+08:00 ] ::1 /take-away-coffee/index.php/Home/Index/search
INFO: [ app_begin ] --START--
INFO: Run Behavior\ReadHtmlCacheBehavior [ RunTime:0.000595s ]
INFO: [ app_begin ] --END-- [ RunTime:0.000880s ]
SQL: SHOW COLUMNS FROM `goods` [ RunTime:0.0067s ]
SQL: SELECT * FROM `goods` WHERE `goodsname` LIKE '%星巴克3%' OR `describe` LIKE '%星巴克3%'  [ RunTime:0.0003s ]
NOTIC: [8] Undefined variable: data C:\xampp\htdocs\take-away-coffee\Application\Home\Controller\IndexController.class.php 第 69 行.
INFO: [ app_end ] --START--
INFO: Run Behavior\ShowPageTraceBehavior [ RunTime:0.000544s ]
INFO: [ app_end ] --END-- [ RunTime:0.000581s ]

[ 2016-06-07T00:41:29+08:00 ] ::1 /take-away-coffee/index.php/Home/Index/search
INFO: [ app_begin ] --START--
INFO: Run Behavior\ReadHtmlCacheBehavior [ RunTime:0.000921s ]
INFO: [ app_begin ] --END-- [ RunTime:0.001443s ]
SQL: SHOW COLUMNS FROM `goods` [ RunTime:0.0126s ]
SQL: SELECT * FROM `goods` WHERE `goodsname` LIKE '%星巴克3%' OR `describe` LIKE '%星巴克3%'  [ RunTime:0.0003s ]
NOTIC: [8] Undefined variable: data C:\xampp\htdocs\take-away-coffee\Application\Home\Controller\IndexController.class.php 第 69 行.
INFO: [ app_end ] --START--
INFO: Run Behavior\ShowPageTraceBehavior [ RunTime:0.000983s ]
INFO: [ app_end ] --END-- [ RunTime:0.001067s ]

[ 2016-06-07T00:41:34+08:00 ] ::1 /take-away-coffee/index.php/Home/Index/search
INFO: [ app_begin ] --START--
INFO: Run Behavior\ReadHtmlCacheBehavior [ RunTime:0.000620s ]
INFO: [ app_begin ] --END-- [ RunTime:0.000969s ]
SQL: SHOW COLUMNS FROM `goods` [ RunTime:0.0110s ]
SQL: SELECT * FROM `goods` WHERE `goodsname` LIKE '%星巴克3%' OR `describe` LIKE '%星巴克3%'  [ RunTime:0.0003s ]
NOTIC: [8] Undefined variable: data C:\xampp\htdocs\take-away-coffee\Application\Home\Controller\IndexController.class.php 第 69 行.
INFO: [ app_end ] --START--
INFO: Run Behavior\ShowPageTraceBehavior [ RunTime:0.000682s ]
INFO: [ app_end ] --END-- [ RunTime:0.000718s ]

[ 2016-06-07T00:41:54+08:00 ] ::1 /take-away-coffee/index.php/Home/Index/search
INFO: [ app_begin ] --START--
INFO: Run Behavior\ReadHtmlCacheBehavior [ RunTime:0.000612s ]
INFO: [ app_begin ] --END-- [ RunTime:0.000945s ]
SQL: SHOW COLUMNS FROM `goods` [ RunTime:0.0107s ]
SQL: SELECT * FROM `goods` WHERE `goodsname` LIKE '%星巴克3%' OR `describe` LIKE '%星巴克3%'  [ RunTime:0.0003s ]
NOTIC: [8] Undefined variable: data C:\xampp\htdocs\take-away-coffee\Application\Home\Controller\IndexController.class.php 第 69 行.
INFO: [ app_end ] --START--
INFO: Run Behavior\ShowPageTraceBehavior [ RunTime:0.000552s ]
INFO: [ app_end ] --END-- [ RunTime:0.000592s ]

[ 2016-06-07T00:42:22+08:00 ] ::1 /take-away-coffee/index.php/Home/Index/search
INFO: [ app_begin ] --START--
INFO: Run Behavior\ReadHtmlCacheBehavior [ RunTime:0.000619s ]
INFO: [ app_begin ] --END-- [ RunTime:0.000955s ]
SQL: SHOW COLUMNS FROM `goods` [ RunTime:0.0111s ]
SQL: SELECT * FROM `goods` WHERE `goodsname` LIKE '%星巴克3%' OR `describe` LIKE '%星巴克3%'  [ RunTime:0.0003s ]
NOTIC: [8] Undefined variable: data C:\xampp\htdocs\take-away-coffee\Application\Home\Controller\IndexController.class.php 第 69 行.
INFO: [ app_end ] --START--
INFO: Run Behavior\ShowPageTraceBehavior [ RunTime:0.000767s ]
INFO: [ app_end ] --END-- [ RunTime:0.000811s ]

[ 2016-06-07T00:42:40+08:00 ] ::1 /take-away-coffee/index.php/Home/Index/search
INFO: [ app_begin ] --START--
INFO: Run Behavior\ReadHtmlCacheBehavior [ RunTime:0.000533s ]
INFO: [ app_begin ] --END-- [ RunTime:0.000873s ]
SQL: SHOW COLUMNS FROM `goods` [ RunTime:0.0519s ]
SQL: SELECT * FROM `goods` WHERE `goodsname` LIKE '%星巴克3%' OR `describe` LIKE '%星巴克3%'  [ RunTime:0.0005s ]
INFO: [ app_end ] --START--
INFO: Run Behavior\ShowPageTraceBehavior [ RunTime:0.000797s ]
INFO: [ app_end ] --END-- [ RunTime:0.000839s ]

[ 2016-06-07T00:42:53+08:00 ] ::1 /take-away-coffee/index.php/Home/Index/search
INFO: [ app_begin ] --START--
INFO: Run Behavior\ReadHtmlCacheBehavior [ RunTime:0.001196s ]
INFO: [ app_begin ] --END-- [ RunTime:0.002080s ]
SQL: SHOW COLUMNS FROM `goods` [ RunTime:0.0120s ]
SQL: SELECT * FROM `goods`  [ RunTime:0.0003s ]
INFO: [ app_end ] --START--
INFO: Run Behavior\ShowPageTraceBehavior [ RunTime:0.000749s ]
INFO: [ app_end ] --END-- [ RunTime:0.000788s ]

[ 2016-06-07T00:51:05+08:00 ] ::1 /take-away-coffee/index.php/Home/Index/search
INFO: [ app_begin ] --START--
INFO: Run Behavior\ReadHtmlCacheBehavior [ RunTime:0.000611s ]
INFO: [ app_begin ] --END-- [ RunTime:0.000959s ]
SQL: SHOW COLUMNS FROM `goods` [ RunTime:0.0089s ]
SQL: SELECT * FROM `goods` WHERE `goodsname` LIKE '%星巴克%' OR `describe` LIKE '%星巴克%'  [ RunTime:0.0004s ]
INFO: [ app_end ] --START--
INFO: Run Behavior\ShowPageTraceBehavior [ RunTime:0.000810s ]
INFO: [ app_end ] --END-- [ RunTime:0.000859s ]

[ 2016-06-07T00:51:46+08:00 ] ::1 /take-away-coffee/index.php/Home/Index/search
INFO: [ app_begin ] --START--
INFO: Run Behavior\ReadHtmlCacheBehavior [ RunTime:0.000624s ]
INFO: [ app_begin ] --END-- [ RunTime:0.000953s ]
SQL: SHOW COLUMNS FROM `goods` [ RunTime:0.0240s ]
SQL: SELECT * FROM `goods` WHERE `goodsname` LIKE '%星巴克%' OR `describe` LIKE '%星巴克%'  [ RunTime:0.0005s ]
INFO: [ app_end ] --START--
INFO: Run Behavior\ShowPageTraceBehavior [ RunTime:0.000977s ]
INFO: [ app_end ] --END-- [ RunTime:0.001060s ]

[ 2016-06-07T00:52:12+08:00 ] ::1 /take-away-coffee/index.php/Home/Index/search
INFO: [ app_begin ] --START--
INFO: Run Behavior\ReadHtmlCacheBehavior [ RunTime:0.000876s ]
INFO: [ app_begin ] --END-- [ RunTime:0.001203s ]
SQL: SHOW COLUMNS FROM `goods` [ RunTime:0.0078s ]
SQL: SELECT * FROM `goods` WHERE `goodsname` LIKE '%星巴克%' OR `describe` LIKE '%星巴克%'  [ RunTime:0.0003s ]
INFO: [ app_end ] --START--
INFO: Run Behavior\ShowPageTraceBehavior [ RunTime:0.000567s ]
INFO: [ app_end ] --END-- [ RunTime:0.000604s ]

[ 2016-06-07T00:53:36+08:00 ] ::1 /take-away-coffee/index.php/Home/Index/search
INFO: [ app_begin ] --START--
INFO: Run Behavior\ReadHtmlCacheBehavior [ RunTime:0.000495s ]
INFO: [ app_begin ] --END-- [ RunTime:0.000864s ]
SQL: SHOW COLUMNS FROM `goods` [ RunTime:0.0265s ]
SQL: SELECT * FROM `goods` WHERE `goodsname` LIKE '%星巴克%' OR `describe` LIKE '%星巴克%'  [ RunTime:0.0004s ]
INFO: [ app_end ] --START--
INFO: Run Behavior\ShowPageTraceBehavior [ RunTime:0.000825s ]
INFO: [ app_end ] --END-- [ RunTime:0.000872s ]

[ 2016-06-07T00:53:48+08:00 ] ::1 /take-away-coffee/index.php/Home/Index/search
INFO: [ app_begin ] --START--
INFO: Run Behavior\ReadHtmlCacheBehavior [ RunTime:0.000577s ]
INFO: [ app_begin ] --END-- [ RunTime:0.000858s ]
SQL: SHOW COLUMNS FROM `goods` [ RunTime:0.0103s ]
SQL: SELECT * FROM `goods` WHERE `goodsname` LIKE '%星巴克%' OR `describe` LIKE '%星巴克%'  [ RunTime:0.0003s ]
INFO: [ app_end ] --START--
INFO: Run Behavior\ShowPageTraceBehavior [ RunTime:0.000575s ]
INFO: [ app_end ] --END-- [ RunTime:0.000615s ]

[ 2016-06-07T10:37:21+08:00 ] ::1 /take-away-coffee/index.php/Home/Index/search
INFO: [ app_begin ] --START--
INFO: Run Behavior\ReadHtmlCacheBehavior [ RunTime:0.000609s ]
INFO: [ app_begin ] --END-- [ RunTime:0.000996s ]
SQL: SHOW COLUMNS FROM `goods` [ RunTime:0.0371s ]
SQL: SELECT * FROM `goods` WHERE `goodsname` LIKE '%星巴克%' OR `describe` LIKE '%星巴克%'  [ RunTime:0.0352s ]
INFO: [ app_end ] --START--
INFO: Run Behavior\ShowPageTraceBehavior [ RunTime:0.000779s ]
INFO: [ app_end ] --END-- [ RunTime:0.000837s ]

[ 2016-06-07T10:43:40+08:00 ] ::1 /take-away-coffee/index.php/Home/Index/search
INFO: [ app_begin ] --START--
INFO: Run Behavior\ReadHtmlCacheBehavior [ RunTime:0.000831s ]
INFO: [ app_begin ] --END-- [ RunTime:0.001251s ]
SQL: SHOW COLUMNS FROM `goods` [ RunTime:0.0158s ]
SQL: SELECT * FROM `goods` WHERE `goodsname` LIKE '%黑糖玛奇朵%' OR `describe` LIKE '%黑糖玛奇朵%'  [ RunTime:0.0004s ]
INFO: [ app_end ] --START--
INFO: Run Behavior\ShowPageTraceBehavior [ RunTime:0.001051s ]
INFO: [ app_end ] --END-- [ RunTime:0.001106s ]

[ 2016-06-07T10:51:08+08:00 ] ::1 /take-away-coffee/index.php/Home/Index/search
INFO: [ app_begin ] --START--
INFO: Run Behavior\ReadHtmlCacheBehavior [ RunTime:0.000569s ]
INFO: [ app_begin ] --END-- [ RunTime:0.000883s ]
SQL: SHOW COLUMNS FROM `goods` [ RunTime:0.0165s ]
SQL: SELECT * FROM `goods` WHERE `goodsname` LIKE '%黑糖%' OR `describe` LIKE '%黑糖%'  [ RunTime:0.0004s ]
INFO: [ app_end ] --START--
INFO: Run Behavior\ShowPageTraceBehavior [ RunTime:0.000812s ]
INFO: [ app_end ] --END-- [ RunTime:0.000859s ]

[ 2016-06-07T10:52:40+08:00 ] ::1 /take-away-coffee/index.php/Home/Index/search
INFO: [ app_begin ] --START--
INFO: Run Behavior\ReadHtmlCacheBehavior [ RunTime:0.000760s ]
INFO: [ app_begin ] --END-- [ RunTime:0.001222s ]
SQL: SHOW COLUMNS FROM `goods` [ RunTime:0.0070s ]
SQL: SELECT * FROM `goods`  [ RunTime:0.0003s ]
INFO: [ app_end ] --START--
INFO: Run Behavior\ShowPageTraceBehavior [ RunTime:0.000812s ]
INFO: [ app_end ] --END-- [ RunTime:0.000856s ]

[ 2016-06-07T10:53:55+08:00 ] ::1 /take-away-coffee/index.php/Home/Index/search
INFO: [ app_begin ] --START--
INFO: Run Behavior\ReadHtmlCacheBehavior [ RunTime:0.000467s ]
INFO: [ app_begin ] --END-- [ RunTime:0.000787s ]
SQL: SHOW COLUMNS FROM `goods` [ RunTime:0.0110s ]
SQL: SELECT * FROM `goods`  [ RunTime:0.0003s ]
INFO: [ app_end ] --START--
INFO: Run Behavior\ShowPageTraceBehavior [ RunTime:0.000810s ]
INFO: [ app_end ] --END-- [ RunTime:0.000857s ]

[ 2016-06-07T10:53:59+08:00 ] ::1 /take-away-coffee/index.php/Home/Index/search
INFO: [ app_begin ] --START--
INFO: Run Behavior\ReadHtmlCacheBehavior [ RunTime:0.000463s ]
INFO: [ app_begin ] --END-- [ RunTime:0.000783s ]
SQL: SHOW COLUMNS FROM `goods` [ RunTime:0.0119s ]
SQL: SELECT * FROM `goods`  [ RunTime:0.0003s ]
INFO: [ app_end ] --START--
INFO: Run Behavior\ShowPageTraceBehavior [ RunTime:0.000785s ]
INFO: [ app_end ] --END-- [ RunTime:0.000829s ]

[ 2016-06-07T12:58:27+08:00 ] ::1 /take-away-coffee/index.php/Home/Index/sort
INFO: [ app_begin ] --START--
INFO: Run Behavior\ReadHtmlCacheBehavior [ RunTime:0.000635s ]
INFO: [ app_begin ] --END-- [ RunTime:0.001023s ]
SQL: SHOW COLUMNS FROM `goods` [ RunTime:0.0339s ]
SQL: SELECT * FROM `goods`  [ RunTime:0.0004s ]

[ 2016-06-07T13:01:13+08:00 ] ::1 /take-away-coffee/index.php/Home/Index/sort
INFO: [ app_begin ] --START--
INFO: Run Behavior\ReadHtmlCacheBehavior [ RunTime:0.000499s ]
INFO: [ app_begin ] --END-- [ RunTime:0.000837s ]
SQL: SHOW COLUMNS FROM `goods` [ RunTime:0.0112s ]
SQL: SELECT * FROM `goods`  [ RunTime:0.0004s ]

[ 2016-06-07T13:07:15+08:00 ] ::1 /take-away-coffee/index.php/Home/Index/sort
INFO: [ app_begin ] --START--
INFO: Run Behavior\ReadHtmlCacheBehavior [ RunTime:0.000491s ]
INFO: [ app_begin ] --END-- [ RunTime:0.000829s ]
SQL: SHOW COLUMNS FROM `goods` [ RunTime:0.0117s ]
SQL: SELECT * FROM `goods`  [ RunTime:0.0004s ]

[ 2016-06-07T13:08:54+08:00 ] ::1 /take-away-coffee/index.php/Home/Index/sort
INFO: [ app_begin ] --START--
INFO: Run Behavior\ReadHtmlCacheBehavior [ RunTime:0.000499s ]
INFO: [ app_begin ] --END-- [ RunTime:0.000834s ]
SQL: SHOW COLUMNS FROM `goods` [ RunTime:0.0113s ]
SQL: SELECT * FROM `goods` ORDER BY time asc  [ RunTime:0.0005s ]
INFO: [ app_end ] --START--
INFO: Run Behavior\ShowPageTraceBehavior [ RunTime:0.000653s ]
INFO: [ app_end ] --END-- [ RunTime:0.000695s ]

[ 2016-06-07T13:09:11+08:00 ] ::1 /take-away-coffee/index.php/Home/Index/sort
INFO: [ app_begin ] --START--
INFO: Run Behavior\ReadHtmlCacheBehavior [ RunTime:0.001092s ]
INFO: [ app_begin ] --END-- [ RunTime:0.001659s ]
SQL: SHOW COLUMNS FROM `goods` [ RunTime:0.0244s ]
SQL: SELECT * FROM `goods` ORDER BY time desc  [ RunTime:0.0005s ]
INFO: [ app_end ] --START--
INFO: Run Behavior\ShowPageTraceBehavior [ RunTime:0.000793s ]
INFO: [ app_end ] --END-- [ RunTime:0.000841s ]

[ 2016-06-07T13:09:29+08:00 ] ::1 /take-away-coffee/index.php/Home/Index/sort
INFO: [ app_begin ] --START--
INFO: Run Behavior\ReadHtmlCacheBehavior [ RunTime:0.000510s ]
INFO: [ app_begin ] --END-- [ RunTime:0.000898s ]
SQL: SHOW COLUMNS FROM `goods` [ RunTime:0.0080s ]
SQL: SELECT * FROM `goods` ORDER BY time desc  [ RunTime:0.0004s ]
INFO: [ app_end ] --START--
INFO: Run Behavior\ShowPageTraceBehavior [ RunTime:0.000637s ]
INFO: [ app_end ] --END-- [ RunTime:0.000678s ]

[ 2016-06-07T13:09:41+08:00 ] ::1 /take-away-coffee/index.php/Home/Index/sort
INFO: [ app_begin ] --START--
INFO: Run Behavior\ReadHtmlCacheBehavior [ RunTime:0.000524s ]
INFO: [ app_begin ] --END-- [ RunTime:0.000855s ]
SQL: SHOW COLUMNS FROM `goods` [ RunTime:0.0178s ]
SQL: SELECT * FROM `goods` ORDER BY time desc  [ RunTime:0.0004s ]
INFO: [ app_end ] --START--
INFO: Run Behavior\ShowPageTraceBehavior [ RunTime:0.000831s ]
INFO: [ app_end ] --END-- [ RunTime:0.000881s ]

[ 2016-06-07T13:09:49+08:00 ] ::1 /take-away-coffee/index.php/Home/Index/sort
INFO: [ app_begin ] --START--
INFO: Run Behavior\ReadHtmlCacheBehavior [ RunTime:0.000584s ]
INFO: [ app_begin ] --END-- [ RunTime:0.001026s ]
SQL: SHOW COLUMNS FROM `goods` [ RunTime:0.0087s ]
SQL: SELECT * FROM `goods` ORDER BY time desc  [ RunTime:0.0004s ]
INFO: [ app_end ] --START--
INFO: Run Behavior\ShowPageTraceBehavior [ RunTime:0.000685s ]
INFO: [ app_end ] --END-- [ RunTime:0.000743s ]

[ 2016-06-07T13:09:50+08:00 ] ::1 /take-away-coffee/index.php/Home/Index/sort
INFO: [ app_begin ] --START--
INFO: Run Behavior\ReadHtmlCacheBehavior [ RunTime:0.000499s ]
INFO: [ app_begin ] --END-- [ RunTime:0.000862s ]
SQL: SHOW COLUMNS FROM `goods` [ RunTime:0.0113s ]
SQL: SELECT * FROM `goods` ORDER BY time desc  [ RunTime:0.0004s ]
INFO: [ app_end ] --START--
INFO: Run Behavior\ShowPageTraceBehavior [ RunTime:0.000638s ]
INFO: [ app_end ] --END-- [ RunTime:0.000680s ]

[ 2016-06-07T13:09:50+08:00 ] ::1 /take-away-coffee/index.php/Home/Index/sort
INFO: [ app_begin ] --START--
INFO: Run Behavior\ReadHtmlCacheBehavior [ RunTime:0.000482s ]
INFO: [ app_begin ] --END-- [ RunTime:0.000804s ]
SQL: SHOW COLUMNS FROM `goods` [ RunTime:0.0055s ]
SQL: SELECT * FROM `goods` ORDER BY time desc  [ RunTime:0.0004s ]
INFO: [ app_end ] --START--
INFO: Run Behavior\ShowPageTraceBehavior [ RunTime:0.000637s ]
INFO: [ app_end ] --END-- [ RunTime:0.000680s ]

[ 2016-06-07T13:09:50+08:00 ] ::1 /take-away-coffee/index.php/Home/Index/sort
INFO: [ app_begin ] --START--
INFO: Run Behavior\ReadHtmlCacheBehavior [ RunTime:0.000478s ]
INFO: [ app_begin ] --END-- [ RunTime:0.000799s ]
SQL: SHOW COLUMNS FROM `goods` [ RunTime:0.0057s ]
SQL: SELECT * FROM `goods` ORDER BY time desc  [ RunTime:0.0004s ]
INFO: [ app_end ] --START--
INFO: Run Behavior\ShowPageTraceBehavior [ RunTime:0.000649s ]
INFO: [ app_end ] --END-- [ RunTime:0.000690s ]

[ 2016-06-07T13:09:51+08:00 ] ::1 /take-away-coffee/index.php/Home/Index/sort
INFO: [ app_begin ] --START--
INFO: Run Behavior\ReadHtmlCacheBehavior [ RunTime:0.000481s ]
INFO: [ app_begin ] --END-- [ RunTime:0.000809s ]
SQL: SHOW COLUMNS FROM `goods` [ RunTime:0.0114s ]
SQL: SELECT * FROM `goods` ORDER BY time desc  [ RunTime:0.0004s ]
INFO: [ app_end ] --START--
INFO: Run Behavior\ShowPageTraceBehavior [ RunTime:0.000651s ]
INFO: [ app_end ] --END-- [ RunTime:0.000694s ]

[ 2016-06-07T13:09:51+08:00 ] ::1 /take-away-coffee/index.php/Home/Index/sort
INFO: [ app_begin ] --START--
INFO: Run Behavior\ReadHtmlCacheBehavior [ RunTime:0.000477s ]
INFO: [ app_begin ] --END-- [ RunTime:0.000809s ]
SQL: SHOW COLUMNS FROM `goods` [ RunTime:0.0069s ]
SQL: SELECT * FROM `goods` ORDER BY time desc  [ RunTime:0.0004s ]
INFO: [ app_end ] --START--
INFO: Run Behavior\ShowPageTraceBehavior [ RunTime:0.000685s ]
INFO: [ app_end ] --END-- [ RunTime:0.000736s ]

[ 2016-06-07T13:09:51+08:00 ] ::1 /take-away-coffee/index.php/Home/Index/sort
INFO: [ app_begin ] --START--
INFO: Run Behavior\ReadHtmlCacheBehavior [ RunTime:0.000717s ]
INFO: [ app_begin ] --END-- [ RunTime:0.001218s ]
SQL: SHOW COLUMNS FROM `goods` [ RunTime:0.0059s ]
SQL: SELECT * FROM `goods` ORDER BY time desc  [ RunTime:0.0005s ]
INFO: [ app_end ] --START--
INFO: Run Behavior\ShowPageTraceBehavior [ RunTime:0.000864s ]
INFO: [ app_end ] --END-- [ RunTime:0.000932s ]

[ 2016-06-07T13:12:05+08:00 ] ::1 /take-away-coffee/index.php/Home/Index/sort
INFO: [ app_begin ] --START--
INFO: Run Behavior\ReadHtmlCacheBehavior [ RunTime:0.000767s ]
INFO: [ app_begin ] --END-- [ RunTime:0.001241s ]
SQL: SHOW COLUMNS FROM `goods` [ RunTime:0.0089s ]
SQL: SELECT * FROM `goods` ORDER BY id asc  [ RunTime:0.0005s ]
INFO: [ app_end ] --START--
INFO: Run Behavior\ShowPageTraceBehavior [ RunTime:0.000995s ]
INFO: [ app_end ] --END-- [ RunTime:0.001044s ]

[ 2016-06-07T13:12:34+08:00 ] ::1 /take-away-coffee/index.php/Home/Index/sort
INFO: [ app_begin ] --START--
INFO: Run Behavior\ReadHtmlCacheBehavior [ RunTime:0.000789s ]
INFO: [ app_begin ] --END-- [ RunTime:0.001188s ]
SQL: SHOW COLUMNS FROM `goods` [ RunTime:0.0236s ]
SQL: SELECT * FROM `goods` ORDER BY id asc  [ RunTime:0.0005s ]
INFO: [ app_end ] --START--
INFO: Run Behavior\ShowPageTraceBehavior [ RunTime:0.001119s ]
INFO: [ app_end ] --END-- [ RunTime:0.001177s ]

[ 2016-06-07T13:13:55+08:00 ] ::1 /take-away-coffee/index.php/Home/Index/sort
INFO: [ app_begin ] --START--
INFO: Run Behavior\ReadHtmlCacheBehavior [ RunTime:0.000783s ]
INFO: [ app_begin ] --END-- [ RunTime:0.001314s ]
SQL: SHOW COLUMNS FROM `goods` [ RunTime:0.0114s ]
SQL: SELECT * FROM `goods` ORDER BY id asc  [ RunTime:0.0005s ]
INFO: [ app_end ] --START--
INFO: Run Behavior\ShowPageTraceBehavior [ RunTime:0.001123s ]
INFO: [ app_end ] --END-- [ RunTime:0.001190s ]

[ 2016-06-07T13:14:41+08:00 ] ::1 /take-away-coffee/index.php/Home/Index/sort
INFO: [ app_begin ] --START--
INFO: Run Behavior\ReadHtmlCacheBehavior [ RunTime:0.000842s ]
INFO: [ app_begin ] --END-- [ RunTime:0.001293s ]
SQL: SHOW COLUMNS FROM `goods` [ RunTime:0.0079s ]
SQL: SELECT * FROM `goods` ORDER BY id asc  [ RunTime:0.0005s ]
INFO: [ app_end ] --START--
INFO: Run Behavior\ShowPageTraceBehavior [ RunTime:0.001030s ]
INFO: [ app_end ] --END-- [ RunTime:0.001075s ]

[ 2016-06-07T13:14:47+08:00 ] ::1 /take-away-coffee/index.php/Home/Index/sort
INFO: [ app_begin ] --START--
INFO: Run Behavior\ReadHtmlCacheBehavior [ RunTime:0.000767s ]
INFO: [ app_begin ] --END-- [ RunTime:0.001151s ]
SQL: SHOW COLUMNS FROM `goods` [ RunTime:0.0232s ]
SQL: SELECT * FROM `goods` ORDER BY id asc  [ RunTime:0.0004s ]
INFO: [ app_end ] --START--
INFO: Run Behavior\ShowPageTraceBehavior [ RunTime:0.000965s ]
INFO: [ app_end ] --END-- [ RunTime:0.001009s ]

[ 2016-06-07T13:14:47+08:00 ] ::1 /take-away-coffee/index.php/Home/Index/sort
INFO: [ app_begin ] --START--
INFO: Run Behavior\ReadHtmlCacheBehavior [ RunTime:0.000857s ]
INFO: [ app_begin ] --END-- [ RunTime:0.001282s ]
SQL: SHOW COLUMNS FROM `goods` [ RunTime:0.0052s ]
SQL: SELECT * FROM `goods` ORDER BY id asc  [ RunTime:0.0004s ]
INFO: [ app_end ] --START--
INFO: Run Behavior\ShowPageTraceBehavior [ RunTime:0.000879s ]
INFO: [ app_end ] --END-- [ RunTime:0.000919s ]

[ 2016-06-07T13:14:48+08:00 ] ::1 /take-away-coffee/index.php/Home/Index/sort
INFO: [ app_begin ] --START--
INFO: Run Behavior\ReadHtmlCacheBehavior [ RunTime:0.000774s ]
INFO: [ app_begin ] --END-- [ RunTime:0.001214s ]
SQL: SHOW COLUMNS FROM `goods` [ RunTime:0.0094s ]
SQL: SELECT * FROM `goods` ORDER BY id asc  [ RunTime:0.0004s ]
INFO: [ app_end ] --START--
INFO: Run Behavior\ShowPageTraceBehavior [ RunTime:0.000953s ]
INFO: [ app_end ] --END-- [ RunTime:0.000997s ]

[ 2016-06-07T13:14:48+08:00 ] ::1 /take-away-coffee/index.php/Home/Index/sort
INFO: [ app_begin ] --START--
INFO: Run Behavior\ReadHtmlCacheBehavior [ RunTime:0.000809s ]
INFO: [ app_begin ] --END-- [ RunTime:0.001202s ]
SQL: SHOW COLUMNS FROM `goods` [ RunTime:0.0057s ]
SQL: SELECT * FROM `goods` ORDER BY id asc  [ RunTime:0.0004s ]
INFO: [ app_end ] --START--
INFO: Run Behavior\ShowPageTraceBehavior [ RunTime:0.000986s ]
INFO: [ app_end ] --END-- [ RunTime:0.001032s ]

[ 2016-06-07T13:14:48+08:00 ] ::1 /take-away-coffee/index.php/Home/Index/sort
INFO: [ app_begin ] --START--
INFO: Run Behavior\ReadHtmlCacheBehavior [ RunTime:0.000940s ]
INFO: [ app_begin ] --END-- [ RunTime:0.001319s ]
SQL: SHOW COLUMNS FROM `goods` [ RunTime:0.0056s ]
SQL: SELECT * FROM `goods` ORDER BY id asc  [ RunTime:0.0006s ]
INFO: [ app_end ] --START--
INFO: Run Behavior\ShowPageTraceBehavior [ RunTime:0.000993s ]
INFO: [ app_end ] --END-- [ RunTime:0.001041s ]

[ 2016-06-07T13:14:48+08:00 ] ::1 /take-away-coffee/index.php/Home/Index/sort
INFO: [ app_begin ] --START--
INFO: Run Behavior\ReadHtmlCacheBehavior [ RunTime:0.000770s ]
INFO: [ app_begin ] --END-- [ RunTime:0.001168s ]
SQL: SHOW COLUMNS FROM `goods` [ RunTime:0.0065s ]
SQL: SELECT * FROM `goods` ORDER BY id asc  [ RunTime:0.0004s ]
INFO: [ app_end ] --START--
INFO: Run Behavior\ShowPageTraceBehavior [ RunTime:0.000983s ]
INFO: [ app_end ] --END-- [ RunTime:0.001026s ]

[ 2016-06-07T13:14:49+08:00 ] ::1 /take-away-coffee/index.php/Home/Index/sort
INFO: [ app_begin ] --START--
INFO: Run Behavior\ReadHtmlCacheBehavior [ RunTime:0.000841s ]
INFO: [ app_begin ] --END-- [ RunTime:0.001225s ]
SQL: SHOW COLUMNS FROM `goods` [ RunTime:0.0075s ]
SQL: SELECT * FROM `goods` ORDER BY price desc  [ RunTime:0.0004s ]
INFO: [ app_end ] --START--
INFO: Run Behavior\ShowPageTraceBehavior [ RunTime:0.000967s ]
INFO: [ app_end ] --END-- [ RunTime:0.001011s ]

[ 2016-06-07T13:14:51+08:00 ] ::1 /take-away-coffee/index.php/Home/Index/sort
INFO: [ app_begin ] --START--
INFO: Run Behavior\ReadHtmlCacheBehavior [ RunTime:0.000764s ]
INFO: [ app_begin ] --END-- [ RunTime:0.001145s ]
SQL: SHOW COLUMNS FROM `goods` [ RunTime:0.0127s ]
SQL: SELECT * FROM `goods` ORDER BY price asc  [ RunTime:0.0005s ]
INFO: [ app_end ] --START--
INFO: Run Behavior\ShowPageTraceBehavior [ RunTime:0.000986s ]
INFO: [ app_end ] --END-- [ RunTime:0.001029s ]

[ 2016-06-07T13:14:52+08:00 ] ::1 /take-away-coffee/index.php/Home/Index/sort
INFO: [ app_begin ] --START--
INFO: Run Behavior\ReadHtmlCacheBehavior [ RunTime:0.000843s ]
INFO: [ app_begin ] --END-- [ RunTime:0.001347s ]
SQL: SHOW COLUMNS FROM `goods` [ RunTime:0.0244s ]
SQL: SELECT * FROM `goods` ORDER BY time desc  [ RunTime:0.0005s ]
INFO: [ app_end ] --START--
INFO: Run Behavior\ShowPageTraceBehavior [ RunTime:0.001423s ]
INFO: [ app_end ] --END-- [ RunTime:0.001485s ]

[ 2016-06-07T13:14:54+08:00 ] ::1 /take-away-coffee/index.php/Home/Index/sort
INFO: [ app_begin ] --START--
INFO: Run Behavior\ReadHtmlCacheBehavior [ RunTime:0.001033s ]
INFO: [ app_begin ] --END-- [ RunTime:0.001515s ]
SQL: SHOW COLUMNS FROM `goods` [ RunTime:0.0172s ]
SQL: SELECT * FROM `goods` ORDER BY time asc  [ RunTime:0.0004s ]
INFO: [ app_end ] --START--
INFO: Run Behavior\ShowPageTraceBehavior [ RunTime:0.001054s ]
INFO: [ app_end ] --END-- [ RunTime:0.001105s ]

[ 2016-06-07T13:14:55+08:00 ] ::1 /take-away-coffee/index.php/Home/Index/sort
INFO: [ app_begin ] --START--
INFO: Run Behavior\ReadHtmlCacheBehavior [ RunTime:0.000711s ]
INFO: [ app_begin ] --END-- [ RunTime:0.001061s ]
SQL: SHOW COLUMNS FROM `goods` [ RunTime:0.0189s ]
SQL: SELECT * FROM `goods` ORDER BY id asc  [ RunTime:0.0009s ]
INFO: [ app_end ] --START--
INFO: Run Behavior\ShowPageTraceBehavior [ RunTime:0.002496s ]
INFO: [ app_end ] --END-- [ RunTime:0.002642s ]

[ 2016-06-07T13:14:57+08:00 ] ::1 /take-away-coffee/index.php/Home/Index/sort
INFO: [ app_begin ] --START--
INFO: Run Behavior\ReadHtmlCacheBehavior [ RunTime:0.000747s ]
INFO: [ app_begin ] --END-- [ RunTime:0.001126s ]
SQL: SHOW COLUMNS FROM `goods` [ RunTime:0.0242s ]
SQL: SELECT * FROM `goods` ORDER BY price asc  [ RunTime:0.0004s ]
INFO: [ app_end ] --START--
INFO: Run Behavior\ShowPageTraceBehavior [ RunTime:0.001264s ]
INFO: [ app_end ] --END-- [ RunTime:0.001313s ]

[ 2016-06-07T13:14:58+08:00 ] ::1 /take-away-coffee/index.php/Home/Index/sort
INFO: [ app_begin ] --START--
INFO: Run Behavior\ReadHtmlCacheBehavior [ RunTime:0.001230s ]
INFO: [ app_begin ] --END-- [ RunTime:0.001898s ]
SQL: SHOW COLUMNS FROM `goods` [ RunTime:0.0111s ]
SQL: SELECT * FROM `goods` ORDER BY price desc  [ RunTime:0.0005s ]
INFO: [ app_end ] --START--
INFO: Run Behavior\ShowPageTraceBehavior [ RunTime:0.001275s ]
INFO: [ app_end ] --END-- [ RunTime:0.001335s ]

[ 2016-06-07T13:15:00+08:00 ] ::1 /take-away-coffee/index.php/Home/Index/sort
INFO: [ app_begin ] --START--
INFO: Run Behavior\ReadHtmlCacheBehavior [ RunTime:0.000713s ]
INFO: [ app_begin ] --END-- [ RunTime:0.001081s ]
SQL: SHOW COLUMNS FROM `goods` [ RunTime:0.0227s ]
SQL: SELECT * FROM `goods` ORDER BY id asc  [ RunTime:0.0005s ]
INFO: [ app_end ] --START--
INFO: Run Behavior\ShowPageTraceBehavior [ RunTime:0.001001s ]
INFO: [ app_end ] --END-- [ RunTime:0.001052s ]

[ 2016-06-07T13:15:17+08:00 ] ::1 /take-away-coffee/index.php/Home/Index/search
INFO: [ app_begin ] --START--
INFO: Run Behavior\ReadHtmlCacheBehavior [ RunTime:0.000844s ]
INFO: [ app_begin ] --END-- [ RunTime:0.001233s ]
SQL: SHOW COLUMNS FROM `goods` [ RunTime:0.0076s ]
SQL: SELECT * FROM `goods` WHERE `goodsname` LIKE '%黑糖%' OR `describe` LIKE '%黑糖%'  [ RunTime:0.0004s ]
INFO: [ app_end ] --START--
INFO: Run Behavior\ShowPageTraceBehavior [ RunTime:0.000994s ]
INFO: [ app_end ] --END-- [ RunTime:0.001042s ]

[ 2016-06-07T13:15:27+08:00 ] ::1 /take-away-coffee/index.php/Home/Index/sort
INFO: [ app_begin ] --START--
INFO: Run Behavior\ReadHtmlCacheBehavior [ RunTime:0.000773s ]
INFO: [ app_begin ] --END-- [ RunTime:0.001177s ]
SQL: SHOW COLUMNS FROM `goods` [ RunTime:0.0111s ]
SQL: SELECT * FROM `goods` WHERE (  `goodsname` LIKE '%黑糖%' OR `describe` LIKE '%黑糖%' ) ORDER BY time asc  [ RunTime:0.0004s ]
INFO: [ app_end ] --START--
INFO: Run Behavior\ShowPageTraceBehavior [ RunTime:0.000986s ]
INFO: [ app_end ] --END-- [ RunTime:0.001030s ]

[ 2016-06-07T13:15:28+08:00 ] ::1 /take-away-coffee/index.php/Home/Index/sort
INFO: [ app_begin ] --START--
INFO: Run Behavior\ReadHtmlCacheBehavior [ RunTime:0.001120s ]
INFO: [ app_begin ] --END-- [ RunTime:0.001715s ]
SQL: SHOW COLUMNS FROM `goods` [ RunTime:0.0076s ]
SQL: SELECT * FROM `goods` WHERE (  `goodsname` LIKE '%黑糖%' OR `describe` LIKE '%黑糖%' ) ORDER BY time desc  [ RunTime:0.0004s ]
INFO: [ app_end ] --START--
INFO: Run Behavior\ShowPageTraceBehavior [ RunTime:0.000976s ]
INFO: [ app_end ] --END-- [ RunTime:0.001019s ]

[ 2016-06-07T13:15:29+08:00 ] ::1 /take-away-coffee/index.php/Home/Index/sort
INFO: [ app_begin ] --START--
INFO: Run Behavior\ReadHtmlCacheBehavior [ RunTime:0.000755s ]
INFO: [ app_begin ] --END-- [ RunTime:0.001173s ]
SQL: SHOW COLUMNS FROM `goods` [ RunTime:0.0085s ]
SQL: SELECT * FROM `goods` WHERE (  `goodsname` LIKE '%黑糖%' OR `describe` LIKE '%黑糖%' ) ORDER BY price asc  [ RunTime:0.0004s ]
INFO: [ app_end ] --START--
INFO: Run Behavior\ShowPageTraceBehavior [ RunTime:0.001113s ]
INFO: [ app_end ] --END-- [ RunTime:0.001156s ]

[ 2016-06-07T13:15:30+08:00 ] ::1 /take-away-coffee/index.php/Home/Index/sort
INFO: [ app_begin ] --START--
INFO: Run Behavior\ReadHtmlCacheBehavior [ RunTime:0.000747s ]
INFO: [ app_begin ] --END-- [ RunTime:0.001122s ]
SQL: SHOW COLUMNS FROM `goods` [ RunTime:0.0077s ]
SQL: SELECT * FROM `goods` WHERE (  `goodsname` LIKE '%黑糖%' OR `describe` LIKE '%黑糖%' ) ORDER BY price desc  [ RunTime:0.0004s ]
INFO: [ app_end ] --START--
INFO: Run Behavior\ShowPageTraceBehavior [ RunTime:0.000958s ]
INFO: [ app_end ] --END-- [ RunTime:0.001002s ]

[ 2016-06-07T13:15:32+08:00 ] ::1 /take-away-coffee/index.php/Home/Index/sort
INFO: [ app_begin ] --START--
INFO: Run Behavior\ReadHtmlCacheBehavior [ RunTime:0.000735s ]
INFO: [ app_begin ] --END-- [ RunTime:0.001112s ]
SQL: SHOW COLUMNS FROM `goods` [ RunTime:0.0225s ]
SQL: SELECT * FROM `goods` WHERE (  `goodsname` LIKE '%黑糖%' OR `describe` LIKE '%黑糖%' ) ORDER BY price desc  [ RunTime:0.0004s ]
INFO: [ app_end ] --START--
INFO: Run Behavior\ShowPageTraceBehavior [ RunTime:0.000991s ]
INFO: [ app_end ] --END-- [ RunTime:0.001037s ]

[ 2016-06-07T13:15:33+08:00 ] ::1 /take-away-coffee/index.php/Home/Index/sort
INFO: [ app_begin ] --START--
INFO: Run Behavior\ReadHtmlCacheBehavior [ RunTime:0.000748s ]
INFO: [ app_begin ] --END-- [ RunTime:0.001142s ]
SQL: SHOW COLUMNS FROM `goods` [ RunTime:0.0162s ]
SQL: SELECT * FROM `goods` WHERE (  `goodsname` LIKE '%黑糖%' OR `describe` LIKE '%黑糖%' ) ORDER BY price desc  [ RunTime:0.0004s ]
INFO: [ app_end ] --START--
INFO: Run Behavior\ShowPageTraceBehavior [ RunTime:0.001005s ]
INFO: [ app_end ] --END-- [ RunTime:0.001050s ]

[ 2016-06-07T13:15:33+08:00 ] ::1 /take-away-coffee/index.php/Home/Index/sort
INFO: [ app_begin ] --START--
INFO: Run Behavior\ReadHtmlCacheBehavior [ RunTime:0.000795s ]
INFO: [ app_begin ] --END-- [ RunTime:0.001239s ]
SQL: SHOW COLUMNS FROM `goods` [ RunTime:0.0057s ]
SQL: SELECT * FROM `goods` WHERE (  `goodsname` LIKE '%黑糖%' OR `describe` LIKE '%黑糖%' ) ORDER BY price desc  [ RunTime:0.0004s ]
INFO: [ app_end ] --START--
INFO: Run Behavior\ShowPageTraceBehavior [ RunTime:0.000851s ]
INFO: [ app_end ] --END-- [ RunTime:0.000888s ]

[ 2016-06-07T13:15:33+08:00 ] ::1 /take-away-coffee/index.php/Home/Index/sort
INFO: [ app_begin ] --START--
INFO: Run Behavior\ReadHtmlCacheBehavior [ RunTime:0.000753s ]
INFO: [ app_begin ] --END-- [ RunTime:0.001155s ]
SQL: SHOW COLUMNS FROM `goods` [ RunTime:0.0063s ]
SQL: SELECT * FROM `goods` WHERE (  `goodsname` LIKE '%黑糖%' OR `describe` LIKE '%黑糖%' ) ORDER BY price desc  [ RunTime:0.0004s ]
INFO: [ app_end ] --START--
INFO: Run Behavior\ShowPageTraceBehavior [ RunTime:0.001015s ]
INFO: [ app_end ] --END-- [ RunTime:0.001064s ]

[ 2016-06-07T13:16:46+08:00 ] ::1 /take-away-coffee/index.php/Home/Index/sort
INFO: [ app_begin ] --START--
INFO: Run Behavior\ReadHtmlCacheBehavior [ RunTime:0.001268s ]
INFO: [ app_begin ] --END-- [ RunTime:0.001765s ]
SQL: SHOW COLUMNS FROM `goods` [ RunTime:0.0172s ]
SQL: SELECT * FROM `goods` WHERE ( `price` > '0' AND `price` < '100'  ) ORDER BY id asc  [ RunTime:0.0005s ]
INFO: [ app_end ] --START--
INFO: Run Behavior\ShowPageTraceBehavior [ RunTime:0.001622s ]
INFO: [ app_end ] --END-- [ RunTime:0.001700s ]

[ 2016-06-07T13:18:53+08:00 ] ::1 /take-away-coffee/index.php/Home/Index/sort
INFO: [ app_begin ] --START--
INFO: Run Behavior\ReadHtmlCacheBehavior [ RunTime:0.000766s ]
INFO: [ app_begin ] --END-- [ RunTime:0.001159s ]
SQL: SHOW COLUMNS FROM `goods` [ RunTime:0.0222s ]
SQL: SELECT * FROM `goods` WHERE ( `price` > '0' AND `price` < '1000000'  ) ORDER BY time asc  [ RunTime:0.0004s ]
INFO: [ app_end ] --START--
INFO: Run Behavior\ShowPageTraceBehavior [ RunTime:0.001023s ]
INFO: [ app_end ] --END-- [ RunTime:0.001068s ]

[ 2016-06-07T13:18:54+08:00 ] ::1 /take-away-coffee/index.php/Home/Index/sort
INFO: [ app_begin ] --START--
INFO: Run Behavior\ReadHtmlCacheBehavior [ RunTime:0.000758s ]
INFO: [ app_begin ] --END-- [ RunTime:0.001127s ]
SQL: SHOW COLUMNS FROM `goods` [ RunTime:0.0111s ]
SQL: SELECT * FROM `goods` WHERE ( `price` > '0' AND `price` < '1000000'  ) ORDER BY time desc  [ RunTime:0.0005s ]
INFO: [ app_end ] --START--
INFO: Run Behavior\ShowPageTraceBehavior [ RunTime:0.000992s ]
INFO: [ app_end ] --END-- [ RunTime:0.001038s ]

[ 2016-06-07T13:18:54+08:00 ] ::1 /take-away-coffee/index.php/Home/Index/sort
INFO: [ app_begin ] --START--
INFO: Run Behavior\ReadHtmlCacheBehavior [ RunTime:0.000796s ]
INFO: [ app_begin ] --END-- [ RunTime:0.001187s ]
SQL: SHOW COLUMNS FROM `goods` [ RunTime:0.0062s ]
SQL: SELECT * FROM `goods` WHERE ( `price` > '0' AND `price` < '1000000'  ) ORDER BY price asc  [ RunTime:0.0005s ]
INFO: [ app_end ] --START--
INFO: Run Behavior\ShowPageTraceBehavior [ RunTime:0.000997s ]
INFO: [ app_end ] --END-- [ RunTime:0.001044s ]

[ 2016-06-07T13:18:56+08:00 ] ::1 /take-away-coffee/index.php/Home/Index/sort
INFO: [ app_begin ] --START--
INFO: Run Behavior\ReadHtmlCacheBehavior [ RunTime:0.000777s ]
INFO: [ app_begin ] --END-- [ RunTime:0.001167s ]
SQL: SHOW COLUMNS FROM `goods` [ RunTime:0.0428s ]
SQL: SELECT * FROM `goods` WHERE ( `price` > '0' AND `price` < '1000000'  ) ORDER BY price desc  [ RunTime:0.0005s ]
INFO: [ app_end ] --START--
INFO: Run Behavior\ShowPageTraceBehavior [ RunTime:0.000958s ]
INFO: [ app_end ] --END-- [ RunTime:0.001003s ]

[ 2016-06-07T13:19:10+08:00 ] ::1 /take-away-coffee/index.php/Home/Login/login
INFO: [ app_begin ] --START--
INFO: Run Behavior\ReadHtmlCacheBehavior [ RunTime:0.000795s ]
INFO: [ app_begin ] --END-- [ RunTime:0.001173s ]
SQL: SHOW COLUMNS FROM `user` [ RunTime:0.0134s ]
SQL: SELECT * FROM `user` WHERE `username` = 'whatyouthink' AND `password` = '123456'  [ RunTime:0.0004s ]
INFO: [ app_end ] --START--
INFO: Run Behavior\ShowPageTraceBehavior [ RunTime:0.001006s ]
INFO: [ app_end ] --END-- [ RunTime:0.001052s ]

[ 2016-06-07T13:19:14+08:00 ] ::1 /take-away-coffee/index.php/Home/Person/index?id=6
ERR: SQLSTATE[23000]: Integrity constraint violation: 1052 Column 'time' in field list is ambiguous

[ 2016-06-07T13:19:46+08:00 ] ::1 /take-away-coffee/index.php/Home/Person/index?id=6
ERR: SQLSTATE[23000]: Integrity constraint violation: 1052 Column 'time' in field list is ambiguous

[ 2016-06-07T13:19:57+08:00 ] ::1 /take-away-coffee/index.php/Home/Person/index?id=6
ERR: SQLSTATE[23000]: Integrity constraint violation: 1052 Column 'time' in field list is ambiguous

[ 2016-06-07T13:20:00+08:00 ] ::1 /take-away-coffee/index.php/Home/Person/index?id=6
ERR: SQLSTATE[23000]: Integrity constraint violation: 1052 Column 'time' in field list is ambiguous

[ 2016-06-07T15:05:22+08:00 ] ::1 /take-away-coffee/index.php/Home/Login/register
INFO: [ app_begin ] --START--
INFO: Run Behavior\ReadHtmlCacheBehavior [ RunTime:0.000397s ]
INFO: [ app_begin ] --END-- [ RunTime:0.000672s ]
SQL: SHOW COLUMNS FROM `user` [ RunTime:0.0116s ]
SQL: SELECT * FROM `user` WHERE `username` = 'haha'  [ RunTime:0.0003s ]
SQL: INSERT INTO `user` (`username`,`password`,`name`,`phone`) VALUES ('haha','123456','123','12345') [ RunTime:0.0064s ]
SQL: SELECT * FROM `user` WHERE `username` = 'haha' AND `password` = '123456' AND `name` = '123' AND `phone` = '12345'  [ RunTime:0.0004s ]
INFO: [ app_end ] --START--
INFO: Run Behavior\ShowPageTraceBehavior [ RunTime:0.000695s ]
INFO: [ app_end ] --END-- [ RunTime:0.000748s ]

[ 2016-06-07T15:07:05+08:00 ] ::1 /take-away-coffee/index.php/Home/Login/register
INFO: [ app_begin ] --START--
INFO: Run Behavior\ReadHtmlCacheBehavior [ RunTime:0.000462s ]
INFO: [ app_begin ] --END-- [ RunTime:0.000785s ]
SQL: SHOW COLUMNS FROM `user` [ RunTime:0.0131s ]
SQL: SELECT * FROM `user` WHERE `username` = 'oyo'  [ RunTime:0.0004s ]
SQL: INSERT INTO `user` (`username`,`password`,`name`,`phone`) VALUES ('oyo','123456','123','111') [ RunTime:0.0003s ]
SQL: SELECT * FROM `user` WHERE `username` = 'oyo' AND `password` = '123456' AND `name` = '123' AND `phone` = '111'  [ RunTime:0.0003s ]
INFO: [ app_end ] --START--
INFO: Run Behavior\ShowPageTraceBehavior [ RunTime:0.000648s ]
INFO: [ app_end ] --END-- [ RunTime:0.000709s ]

[ 2016-06-07T15:23:51+08:00 ] ::1 /take-away-coffee/index.php/Home/Login/login
INFO: [ app_begin ] --START--
INFO: Run Behavior\ReadHtmlCacheBehavior [ RunTime:0.000392s ]
INFO: [ app_begin ] --END-- [ RunTime:0.000661s ]
SQL: SHOW COLUMNS FROM `user` [ RunTime:0.0244s ]
SQL: SELECT * FROM `user` WHERE `username` = 'admin' AND `password` = '123456'  [ RunTime:0.0003s ]
INFO: [ app_end ] --START--
INFO: Run Behavior\ShowPageTraceBehavior [ RunTime:0.000518s ]
INFO: [ app_end ] --END-- [ RunTime:0.000555s ]

[ 2016-06-07T19:10:26+08:00 ] ::1 /take-away-coffee/index.php/Home/Index/search
INFO: [ app_begin ] --START--
INFO: Run Behavior\ReadHtmlCacheBehavior [ RunTime:0.000628s ]
INFO: [ app_begin ] --END-- [ RunTime:0.001017s ]
SQL: SHOW COLUMNS FROM `goods` [ RunTime:0.0154s ]
SQL: SELECT * FROM `goods`  [ RunTime:0.0003s ]
INFO: [ app_end ] --START--
INFO: Run Behavior\ShowPageTraceBehavior [ RunTime:0.000651s ]
INFO: [ app_end ] --END-- [ RunTime:0.000696s ]

[ 2016-06-07T19:10:27+08:00 ] ::1 /take-away-coffee/index.php/Home/Index/search
INFO: [ app_begin ] --START--
INFO: Run Behavior\ReadHtmlCacheBehavior [ RunTime:0.000447s ]
INFO: [ app_begin ] --END-- [ RunTime:0.000748s ]
SQL: SHOW COLUMNS FROM `goods` [ RunTime:0.0405s ]
SQL: SELECT * FROM `goods`  [ RunTime:0.0004s ]
INFO: [ app_end ] --START--
INFO: Run Behavior\ShowPageTraceBehavior [ RunTime:0.000740s ]
INFO: [ app_end ] --END-- [ RunTime:0.000781s ]

[ 2016-06-07T19:10:28+08:00 ] ::1 /take-away-coffee/index.php/Home/Index/search
INFO: [ app_begin ] --START--
INFO: Run Behavior\ReadHtmlCacheBehavior [ RunTime:0.000523s ]
INFO: [ app_begin ] --END-- [ RunTime:0.000898s ]
SQL: SHOW COLUMNS FROM `goods` [ RunTime:0.0116s ]
SQL: SELECT * FROM `goods`  [ RunTime:0.0006s ]
INFO: [ app_end ] --START--
INFO: Run Behavior\ShowPageTraceBehavior [ RunTime:0.001052s ]
INFO: [ app_end ] --END-- [ RunTime:0.001117s ]

[ 2016-06-07T19:10:42+08:00 ] ::1 /take-away-coffee/index.php/Home/Index/sort
INFO: [ app_begin ] --START--
INFO: Run Behavior\ReadHtmlCacheBehavior [ RunTime:0.000508s ]
INFO: [ app_begin ] --END-- [ RunTime:0.000827s ]
SQL: SHOW COLUMNS FROM `goods` [ RunTime:0.0323s ]
SQL: SELECT * FROM `goods` WHERE ( `price` > '0' AND `price` < '1000000'  ) ORDER BY price asc  [ RunTime:0.0430s ]
INFO: [ app_end ] --START--
INFO: Run Behavior\ShowPageTraceBehavior [ RunTime:0.000773s ]
INFO: [ app_end ] --END-- [ RunTime:0.000819s ]

[ 2016-06-07T19:13:11+08:00 ] ::1 /take-away-coffee/index.php/Home/Index/sort
INFO: [ app_begin ] --START--
INFO: Run Behavior\ReadHtmlCacheBehavior [ RunTime:0.000570s ]
INFO: [ app_begin ] --END-- [ RunTime:0.000969s ]
SQL: SHOW COLUMNS FROM `goods` [ RunTime:0.0100s ]
SQL: SELECT * FROM `goods` WHERE ( `price` > '0' AND `price` < '1000000'  ) ORDER BY time asc  [ RunTime:0.0005s ]
INFO: [ app_end ] --START--
INFO: Run Behavior\ShowPageTraceBehavior [ RunTime:0.000691s ]
INFO: [ app_end ] --END-- [ RunTime:0.000731s ]

[ 2016-06-07T19:13:17+08:00 ] ::1 /take-away-coffee/index.php/Home/Index/search
INFO: [ app_begin ] --START--
INFO: Run Behavior\ReadHtmlCacheBehavior [ RunTime:0.000450s ]
INFO: [ app_begin ] --END-- [ RunTime:0.000768s ]
SQL: SHOW COLUMNS FROM `goods` [ RunTime:0.0228s ]
SQL: SELECT * FROM `goods` WHERE `goodsname` LIKE '%stackbark%' OR `describe` LIKE '%stackbark%'  [ RunTime:0.0251s ]
INFO: [ app_end ] --START--
INFO: Run Behavior\ShowPageTraceBehavior [ RunTime:0.000806s ]
INFO: [ app_end ] --END-- [ RunTime:0.000866s ]

[ 2016-06-07T19:14:52+08:00 ] ::1 /take-away-coffee/index.php/Home/Login/register
INFO: [ app_begin ] --START--
INFO: Run Behavior\ReadHtmlCacheBehavior [ RunTime:0.000448s ]
INFO: [ app_begin ] --END-- [ RunTime:0.000760s ]
SQL: SHOW COLUMNS FROM `user` [ RunTime:0.0164s ]
SQL: SELECT * FROM `user` WHERE `username` = 'justtest'  [ RunTime:0.0003s ]
SQL: INSERT INTO `user` (`username`,`password`,`name`,`phone`) VALUES ('justtest','123456','哈哈','12345') [ RunTime:0.0003s ]
SQL: SELECT * FROM `user` WHERE `username` = 'justtest' AND `password` = '123456' AND `name` = '哈哈' AND `phone` = '12345'  [ RunTime:0.0002s ]
INFO: [ app_end ] --START--
INFO: Run Behavior\ShowPageTraceBehavior [ RunTime:0.000834s ]
INFO: [ app_end ] --END-- [ RunTime:0.000878s ]

[ 2016-06-07T19:16:10+08:00 ] ::1 /take-away-coffee/index.php/Home/Index/booking
INFO: [ app_begin ] --START--
INFO: Run Behavior\ReadHtmlCacheBehavior [ RunTime:0.000624s ]
INFO: [ app_begin ] --END-- [ RunTime:0.000988s ]
SQL: SHOW COLUMNS FROM `goods` [ RunTime:0.0096s ]
SQL: SELECT * FROM `goods` WHERE `id` = 10  [ RunTime:0.0003s ]
SQL: SHOW COLUMNS FROM `booking` [ RunTime:0.0063s ]
SQL: INSERT INTO `booking` (`uid`,`gid`,`name`,`phone`,`candy`,`cold`,`num`,`time`) VALUES ('11','10','蛤蛤','12345','2','1','2','2016-06-07 19:16:09') [ RunTime:0.1673s ]
INFO: [ app_end ] --START--
INFO: Run Behavior\ShowPageTraceBehavior [ RunTime:0.001553s ]
INFO: [ app_end ] --END-- [ RunTime:0.001643s ]

[ 2016-06-07T19:16:44+08:00 ] ::1 /take-away-coffee/index.php/Home/Index/booking
INFO: [ app_begin ] --START--
INFO: Run Behavior\ReadHtmlCacheBehavior [ RunTime:0.000460s ]
INFO: [ app_begin ] --END-- [ RunTime:0.000771s ]
SQL: SHOW COLUMNS FROM `goods` [ RunTime:0.0112s ]
SQL: SELECT * FROM `goods` WHERE `id` = 13  [ RunTime:0.0003s ]
SQL: SHOW COLUMNS FROM `booking` [ RunTime:0.0069s ]
SQL: INSERT INTO `booking` (`uid`,`gid`,`name`,`phone`,`candy`,`cold`,`num`,`time`) VALUES ('11','13','1','1','4','2','2','2016-06-07 19:16:44') [ RunTime:0.0003s ]
INFO: [ app_end ] --START--
INFO: Run Behavior\ShowPageTraceBehavior [ RunTime:0.000644s ]
INFO: [ app_end ] --END-- [ RunTime:0.000681s ]

[ 2016-06-07T19:20:38+08:00 ] ::1 /take-away-coffee/index.php/Home/Login/register
INFO: [ app_begin ] --START--
INFO: Run Behavior\ReadHtmlCacheBehavior [ RunTime:0.000460s ]
INFO: [ app_begin ] --END-- [ RunTime:0.000819s ]
SQL: SHOW COLUMNS FROM `user` [ RunTime:0.0474s ]
SQL: SELECT * FROM `user` WHERE `username` = 'zero-x'  [ RunTime:0.0003s ]
SQL: INSERT INTO `user` (`username`,`password`,`name`,`phone`) VALUES ('zero-x','123456','123','123456') [ RunTime:0.0002s ]
SQL: SELECT * FROM `user` WHERE `username` = 'zero-x' AND `password` = '123456' AND `name` = '123' AND `phone` = '123456'  [ RunTime:0.0002s ]
INFO: [ app_end ] --START--
INFO: Run Behavior\ShowPageTraceBehavior [ RunTime:0.000567s ]
INFO: [ app_end ] --END-- [ RunTime:0.000610s ]

[ 2016-06-07T19:20:50+08:00 ] ::1 /take-away-coffee/index.php/Home/Index/booking
INFO: [ app_begin ] --START--
INFO: Run Behavior\ReadHtmlCacheBehavior [ RunTime:0.000470s ]
INFO: [ app_begin ] --END-- [ RunTime:0.000837s ]
SQL: SHOW COLUMNS FROM `goods` [ RunTime:0.0092s ]
SQL: SELECT * FROM `goods` WHERE `id` = 12  [ RunTime:0.0004s ]
SQL: SHOW COLUMNS FROM `booking` [ RunTime:0.0073s ]
SQL: INSERT INTO `booking` (`uid`,`gid`,`name`,`phone`,`candy`,`cold`,`num`,`time`) VALUES ('12','12','1','1','3','2','12','2016-06-07 19:20:50') [ RunTime:0.0002s ]
INFO: [ app_end ] --START--
INFO: Run Behavior\ShowPageTraceBehavior [ RunTime:0.000501s ]
INFO: [ app_end ] --END-- [ RunTime:0.000535s ]

[ 2016-06-07T19:26:21+08:00 ] ::1 /take-away-coffee/index.php/Home/Index/booking
INFO: [ app_begin ] --START--
INFO: Run Behavior\ReadHtmlCacheBehavior [ RunTime:0.000681s ]
INFO: [ app_begin ] --END-- [ RunTime:0.001193s ]
SQL: SHOW COLUMNS FROM `goods` [ RunTime:0.0148s ]
SQL: SELECT * FROM `goods` WHERE `id` = 11  [ RunTime:0.0003s ]
SQL: SHOW COLUMNS FROM `booking` [ RunTime:0.0070s ]
SQL: INSERT INTO `booking` (`uid`,`gid`,`name`,`phone`,`candy`,`cold`,`num`,`time`) VALUES ('12','11','1','1','1','1','11','2016-06-07 19:26:21') [ RunTime:0.0003s ]
INFO: [ app_end ] --START--
INFO: Run Behavior\ShowPageTraceBehavior [ RunTime:0.000491s ]
INFO: [ app_end ] --END-- [ RunTime:0.000527s ]

[ 2016-06-07T19:26:37+08:00 ] ::1 /take-away-coffee/index.php/Home/Index/booking
INFO: [ app_begin ] --START--
INFO: Run Behavior\ReadHtmlCacheBehavior [ RunTime:0.000459s ]
INFO: [ app_begin ] --END-- [ RunTime:0.000820s ]
SQL: SHOW COLUMNS FROM `goods` [ RunTime:0.0110s ]
SQL: SELECT * FROM `goods` WHERE `id` = 12  [ RunTime:0.0003s ]
SQL: SHOW COLUMNS FROM `booking` [ RunTime:0.0064s ]
SQL: INSERT INTO `booking` (`uid`,`gid`,`name`,`phone`,`candy`,`cold`,`num`,`time`) VALUES ('12','12','1','2','2','0','1','2016-06-07 19:26:37') [ RunTime:0.0003s ]
INFO: [ app_end ] --START--
INFO: Run Behavior\ShowPageTraceBehavior [ RunTime:0.000643s ]
INFO: [ app_end ] --END-- [ RunTime:0.000680s ]

