[ 2016-06-06T14:13:02+08:00 ] ::1 /take-away-coffee/index.php/Home/Login/login.js
ERR: 非法操作:login.js

[ 2016-06-06T15:46:27+08:00 ] ::1 /take-away-coffee/index.php/Home/Login/register
ERR: 非法操作:register

[ 2016-06-06T15:46:37+08:00 ] ::1 /take-away-coffee/index.php/Home/Login/register
ERR: 非法操作:register

[ 2016-06-06T16:00:30+08:00 ] ::1 /take-away-coffee/index.php/Home/Login/register
INFO: [ app_begin ] --START--
INFO: Run Behavior\ReadHtmlCacheBehavior [ RunTime:0.000545s ]
INFO: [ app_begin ] --END-- [ RunTime:0.000907s ]
INFO: [ app_end ] --START--
INFO: Run Behavior\ShowPageTraceBehavior [ RunTime:0.000802s ]
INFO: [ app_end ] --END-- [ RunTime:0.000882s ]

[ 2016-06-06T16:00:36+08:00 ] ::1 /take-away-coffee/index.php/Home/Login/register
INFO: [ app_begin ] --START--
INFO: Run Behavior\ReadHtmlCacheBehavior [ RunTime:0.000709s ]
INFO: [ app_begin ] --END-- [ RunTime:0.001059s ]
INFO: [ app_end ] --START--
INFO: Run Behavior\ShowPageTraceBehavior [ RunTime:0.000492s ]
INFO: [ app_end ] --END-- [ RunTime:0.000539s ]

[ 2016-06-06T16:42:29+08:00 ] ::1 /take-away-coffee/index.php/Home/Login/register
INFO: [ app_begin ] --START--
INFO: Run Behavior\ReadHtmlCacheBehavior [ RunTime:0.000761s ]
INFO: [ app_begin ] --END-- [ RunTime:0.001406s ]
SQL: SHOW COLUMNS FROM `user` [ RunTime:0.0749s ]
SQL: SELECT * FROM `user` WHERE `username` = 0  [ RunTime:0.0357s ]
INFO: [ app_end ] --START--
INFO: Run Behavior\ShowPageTraceBehavior [ RunTime:0.000857s ]
INFO: [ app_end ] --END-- [ RunTime:0.000912s ]

[ 2016-06-06T16:47:37+08:00 ] ::1 /take-away-coffee/index.php/Home/Login/register
INFO: [ app_begin ] --START--
INFO: Run Behavior\ReadHtmlCacheBehavior [ RunTime:0.001453s ]
INFO: [ app_begin ] --END-- [ RunTime:0.002070s ]
SQL: SHOW COLUMNS FROM `user` [ RunTime:0.0102s ]
SQL: SELECT * FROM `user` WHERE `username` = 0  [ RunTime:0.0003s ]
INFO: [ app_end ] --START--
INFO: Run Behavior\ShowPageTraceBehavior [ RunTime:0.001384s ]
INFO: [ app_end ] --END-- [ RunTime:0.001429s ]

[ 2016-06-06T16:48:03+08:00 ] ::1 /take-away-coffee/index.php/Home/Login/register
INFO: [ app_begin ] --START--
INFO: Run Behavior\ReadHtmlCacheBehavior [ RunTime:0.001479s ]
INFO: [ app_begin ] --END-- [ RunTime:0.002163s ]
SQL: SHOW COLUMNS FROM `user` [ RunTime:0.0100s ]
SQL: SELECT * FROM `user` WHERE `username` = 0  [ RunTime:0.0003s ]
INFO: [ app_end ] --START--
INFO: Run Behavior\ShowPageTraceBehavior [ RunTime:0.001664s ]
INFO: [ app_end ] --END-- [ RunTime:0.001717s ]

[ 2016-06-06T16:48:50+08:00 ] ::1 /take-away-coffee/index.php/Home/Login/register
INFO: [ app_begin ] --START--
INFO: Run Behavior\ReadHtmlCacheBehavior [ RunTime:0.002513s ]
INFO: [ app_begin ] --END-- [ RunTime:0.003133s ]
SQL: SHOW COLUMNS FROM `user` [ RunTime:0.0222s ]
SQL: SELECT * FROM `user` WHERE `username` = 0  [ RunTime:0.0004s ]
INFO: [ app_end ] --START--
INFO: Run Behavior\ShowPageTraceBehavior [ RunTime:0.002143s ]
INFO: [ app_end ] --END-- [ RunTime:0.002210s ]

[ 2016-06-06T16:48:58+08:00 ] ::1 /take-away-coffee/index.php/Home/Login/register
INFO: [ app_begin ] --START--
INFO: Run Behavior\ReadHtmlCacheBehavior [ RunTime:0.002248s ]
INFO: [ app_begin ] --END-- [ RunTime:0.002745s ]
SQL: SHOW COLUMNS FROM `user` [ RunTime:0.0167s ]
SQL: SELECT * FROM `user` WHERE `username` = 0  [ RunTime:0.0003s ]
INFO: [ app_end ] --START--
INFO: Run Behavior\ShowPageTraceBehavior [ RunTime:0.001519s ]
INFO: [ app_end ] --END-- [ RunTime:0.001563s ]

[ 2016-06-06T16:49:00+08:00 ] ::1 /take-away-coffee/index.php/Home/Login/register
INFO: [ app_begin ] --START--
INFO: Run Behavior\ReadHtmlCacheBehavior [ RunTime:0.001234s ]
INFO: [ app_begin ] --END-- [ RunTime:0.001841s ]
SQL: SHOW COLUMNS FROM `user` [ RunTime:0.0106s ]
SQL: SELECT * FROM `user` WHERE `username` = 0  [ RunTime:0.0003s ]
INFO: [ app_end ] --START--
INFO: Run Behavior\ShowPageTraceBehavior [ RunTime:0.001482s ]
INFO: [ app_end ] --END-- [ RunTime:0.001526s ]

[ 2016-06-06T16:49:01+08:00 ] ::1 /take-away-coffee/index.php/Home/Login/register
INFO: [ app_begin ] --START--
INFO: Run Behavior\ReadHtmlCacheBehavior [ RunTime:0.001329s ]
INFO: [ app_begin ] --END-- [ RunTime:0.001893s ]
SQL: SHOW COLUMNS FROM `user` [ RunTime:0.0108s ]
SQL: SELECT * FROM `user` WHERE `username` = 0  [ RunTime:0.0003s ]
INFO: [ app_end ] --START--
INFO: Run Behavior\ShowPageTraceBehavior [ RunTime:0.001541s ]
INFO: [ app_end ] --END-- [ RunTime:0.001591s ]

[ 2016-06-06T16:49:01+08:00 ] ::1 /take-away-coffee/index.php/Home/Login/register
INFO: [ app_begin ] --START--
INFO: Run Behavior\ReadHtmlCacheBehavior [ RunTime:0.001942s ]
INFO: [ app_begin ] --END-- [ RunTime:0.002796s ]
SQL: SHOW COLUMNS FROM `user` [ RunTime:0.0056s ]
SQL: SELECT * FROM `user` WHERE `username` = 0  [ RunTime:0.0004s ]
INFO: [ app_end ] --START--
INFO: Run Behavior\ShowPageTraceBehavior [ RunTime:0.001786s ]
INFO: [ app_end ] --END-- [ RunTime:0.001845s ]

[ 2016-06-06T16:49:01+08:00 ] ::1 /take-away-coffee/index.php/Home/Login/register
INFO: [ app_begin ] --START--
INFO: Run Behavior\ReadHtmlCacheBehavior [ RunTime:0.001377s ]
INFO: [ app_begin ] --END-- [ RunTime:0.001995s ]
SQL: SHOW COLUMNS FROM `user` [ RunTime:0.0045s ]
SQL: SELECT * FROM `user` WHERE `username` = 0  [ RunTime:0.0003s ]
INFO: [ app_end ] --START--
INFO: Run Behavior\ShowPageTraceBehavior [ RunTime:0.001410s ]
INFO: [ app_end ] --END-- [ RunTime:0.001450s ]

[ 2016-06-06T16:49:01+08:00 ] ::1 /take-away-coffee/index.php/Home/Login/register
INFO: [ app_begin ] --START--
INFO: Run Behavior\ReadHtmlCacheBehavior [ RunTime:0.001671s ]
INFO: [ app_begin ] --END-- [ RunTime:0.002247s ]
SQL: SHOW COLUMNS FROM `user` [ RunTime:0.0047s ]
SQL: SELECT * FROM `user` WHERE `username` = 0  [ RunTime:0.0003s ]
INFO: [ app_end ] --START--
INFO: Run Behavior\ShowPageTraceBehavior [ RunTime:0.001510s ]
INFO: [ app_end ] --END-- [ RunTime:0.001548s ]

[ 2016-06-06T16:49:01+08:00 ] ::1 /take-away-coffee/index.php/Home/Login/register
INFO: [ app_begin ] --START--
INFO: Run Behavior\ReadHtmlCacheBehavior [ RunTime:0.001178s ]
INFO: [ app_begin ] --END-- [ RunTime:0.001660s ]
SQL: SHOW COLUMNS FROM `user` [ RunTime:0.0050s ]
SQL: SELECT * FROM `user` WHERE `username` = 0  [ RunTime:0.0003s ]
INFO: [ app_end ] --START--
INFO: Run Behavior\ShowPageTraceBehavior [ RunTime:0.001394s ]
INFO: [ app_end ] --END-- [ RunTime:0.001435s ]

[ 2016-06-06T16:49:08+08:00 ] ::1 /take-away-coffee/index.php/Home/Login/register
INFO: [ app_begin ] --START--
INFO: Run Behavior\ReadHtmlCacheBehavior [ RunTime:0.000833s ]
INFO: [ app_begin ] --END-- [ RunTime:0.001260s ]
SQL: SHOW COLUMNS FROM `user` [ RunTime:0.0619s ]
SQL: SELECT * FROM `user` WHERE `username` = 0  [ RunTime:0.0003s ]
INFO: [ app_end ] --START--
INFO: Run Behavior\ShowPageTraceBehavior [ RunTime:0.000974s ]
INFO: [ app_end ] --END-- [ RunTime:0.001056s ]

[ 2016-06-06T16:49:09+08:00 ] ::1 /take-away-coffee/index.php/Home/Login/register
INFO: [ app_begin ] --START--
INFO: Run Behavior\ReadHtmlCacheBehavior [ RunTime:0.000840s ]
INFO: [ app_begin ] --END-- [ RunTime:0.001243s ]
SQL: SHOW COLUMNS FROM `user` [ RunTime:0.0104s ]
SQL: SELECT * FROM `user` WHERE `username` = 0  [ RunTime:0.0003s ]
INFO: [ app_end ] --START--
INFO: Run Behavior\ShowPageTraceBehavior [ RunTime:0.000881s ]
INFO: [ app_end ] --END-- [ RunTime:0.000923s ]

[ 2016-06-06T16:49:09+08:00 ] ::1 /take-away-coffee/index.php/Home/Login/register
INFO: [ app_begin ] --START--
INFO: Run Behavior\ReadHtmlCacheBehavior [ RunTime:0.000805s ]
INFO: [ app_begin ] --END-- [ RunTime:0.001189s ]
SQL: SHOW COLUMNS FROM `user` [ RunTime:0.0050s ]
SQL: SELECT * FROM `user` WHERE `username` = 0  [ RunTime:0.0003s ]
INFO: [ app_end ] --START--
INFO: Run Behavior\ShowPageTraceBehavior [ RunTime:0.001029s ]
INFO: [ app_end ] --END-- [ RunTime:0.001090s ]

[ 2016-06-06T16:49:09+08:00 ] ::1 /take-away-coffee/index.php/Home/Login/register
INFO: [ app_begin ] --START--
INFO: Run Behavior\ReadHtmlCacheBehavior [ RunTime:0.000819s ]
INFO: [ app_begin ] --END-- [ RunTime:0.001196s ]
SQL: SHOW COLUMNS FROM `user` [ RunTime:0.0062s ]
SQL: SELECT * FROM `user` WHERE `username` = 0  [ RunTime:0.0003s ]
INFO: [ app_end ] --START--
INFO: Run Behavior\ShowPageTraceBehavior [ RunTime:0.000977s ]
INFO: [ app_end ] --END-- [ RunTime:0.001021s ]

[ 2016-06-06T16:49:09+08:00 ] ::1 /take-away-coffee/index.php/Home/Login/register
INFO: [ app_begin ] --START--
INFO: Run Behavior\ReadHtmlCacheBehavior [ RunTime:0.000750s ]
INFO: [ app_begin ] --END-- [ RunTime:0.001189s ]
SQL: SHOW COLUMNS FROM `user` [ RunTime:0.0069s ]
SQL: SELECT * FROM `user` WHERE `username` = 0  [ RunTime:0.0003s ]
INFO: [ app_end ] --START--
INFO: Run Behavior\ShowPageTraceBehavior [ RunTime:0.000920s ]
INFO: [ app_end ] --END-- [ RunTime:0.000962s ]

[ 2016-06-06T16:49:42+08:00 ] ::1 /take-away-coffee/index.php/Home/Login/register
INFO: [ app_begin ] --START--
INFO: Run Behavior\ReadHtmlCacheBehavior [ RunTime:0.000811s ]
INFO: [ app_begin ] --END-- [ RunTime:0.001715s ]
SQL: SHOW COLUMNS FROM `user` [ RunTime:0.0086s ]
SQL: SELECT * FROM `user` WHERE `username` = 0  [ RunTime:0.0003s ]
INFO: [ app_end ] --START--
INFO: Run Behavior\ShowPageTraceBehavior [ RunTime:0.000936s ]
INFO: [ app_end ] --END-- [ RunTime:0.000982s ]

[ 2016-06-06T16:50:37+08:00 ] ::1 /take-away-coffee/index.php/Home/Login/register
INFO: [ app_begin ] --START--
INFO: Run Behavior\ReadHtmlCacheBehavior [ RunTime:0.000799s ]
INFO: [ app_begin ] --END-- [ RunTime:0.001183s ]
INFO: [ app_end ] --START--
INFO: Run Behavior\ShowPageTraceBehavior [ RunTime:0.000798s ]
INFO: [ app_end ] --END-- [ RunTime:0.000848s ]

[ 2016-06-06T16:50:43+08:00 ] ::1 /take-away-coffee/index.php/Home/Login/register
INFO: [ app_begin ] --START--
INFO: Run Behavior\ReadHtmlCacheBehavior [ RunTime:0.000982s ]
INFO: [ app_begin ] --END-- [ RunTime:0.001573s ]
SQL: SHOW COLUMNS FROM `user` [ RunTime:0.0111s ]
SQL: SELECT * FROM `user` WHERE `username` = 0  [ RunTime:0.0005s ]
INFO: [ app_end ] --START--
INFO: Run Behavior\ShowPageTraceBehavior [ RunTime:0.001011s ]
INFO: [ app_end ] --END-- [ RunTime:0.001089s ]

[ 2016-06-06T16:50:50+08:00 ] ::1 /take-away-coffee/index.php/Home/Login/register
INFO: [ app_begin ] --START--
INFO: Run Behavior\ReadHtmlCacheBehavior [ RunTime:0.000744s ]
INFO: [ app_begin ] --END-- [ RunTime:0.001108s ]
SQL: SHOW COLUMNS FROM `user` [ RunTime:0.0607s ]
SQL: SELECT * FROM `user` WHERE `username` = 0  [ RunTime:0.0003s ]
INFO: [ app_end ] --START--
INFO: Run Behavior\ShowPageTraceBehavior [ RunTime:0.000865s ]
INFO: [ app_end ] --END-- [ RunTime:0.000909s ]

[ 2016-06-06T16:51:02+08:00 ] ::1 /take-away-coffee/index.php/Home/Login/register
INFO: [ app_begin ] --START--
INFO: Run Behavior\ReadHtmlCacheBehavior [ RunTime:0.000766s ]
INFO: [ app_begin ] --END-- [ RunTime:0.001131s ]
SQL: SHOW COLUMNS FROM `user` [ RunTime:0.0104s ]
SQL: SELECT * FROM `user` WHERE `username` = 0  [ RunTime:0.0003s ]
INFO: [ app_end ] --START--
INFO: Run Behavior\ShowPageTraceBehavior [ RunTime:0.000899s ]
INFO: [ app_end ] --END-- [ RunTime:0.000942s ]

[ 2016-06-06T16:53:30+08:00 ] ::1 /take-away-coffee/index.php/Home/Login/register
INFO: [ app_begin ] --START--
INFO: Run Behavior\ReadHtmlCacheBehavior [ RunTime:0.000823s ]
INFO: [ app_begin ] --END-- [ RunTime:0.001298s ]
INFO: [ app_end ] --START--
INFO: Run Behavior\ShowPageTraceBehavior [ RunTime:0.000966s ]
INFO: [ app_end ] --END-- [ RunTime:0.001033s ]

[ 2016-06-06T16:53:34+08:00 ] ::1 /take-away-coffee/index.php/Home/Login/register
INFO: [ app_begin ] --START--
INFO: Run Behavior\ReadHtmlCacheBehavior [ RunTime:0.000706s ]
INFO: [ app_begin ] --END-- [ RunTime:0.001059s ]
INFO: [ app_end ] --START--
INFO: Run Behavior\ShowPageTraceBehavior [ RunTime:0.000706s ]
INFO: [ app_end ] --END-- [ RunTime:0.000750s ]

[ 2016-06-06T16:53:41+08:00 ] ::1 /take-away-coffee/index.php/Home/Login/register
INFO: [ app_begin ] --START--
INFO: Run Behavior\ReadHtmlCacheBehavior [ RunTime:0.000834s ]
INFO: [ app_begin ] --END-- [ RunTime:0.001230s ]
SQL: SHOW COLUMNS FROM `user` [ RunTime:0.0111s ]
SQL: SELECT * FROM `user` WHERE `username` = 0  [ RunTime:0.0004s ]
INFO: [ app_end ] --START--
INFO: Run Behavior\ShowPageTraceBehavior [ RunTime:0.001009s ]
INFO: [ app_end ] --END-- [ RunTime:0.001094s ]

[ 2016-06-06T16:53:45+08:00 ] ::1 /take-away-coffee/index.php/Home/Login/register
INFO: [ app_begin ] --START--
INFO: Run Behavior\ReadHtmlCacheBehavior [ RunTime:0.000766s ]
INFO: [ app_begin ] --END-- [ RunTime:0.001170s ]
SQL: SHOW COLUMNS FROM `user` [ RunTime:0.0121s ]
SQL: SELECT * FROM `user` WHERE `username` = 0  [ RunTime:0.0006s ]
INFO: [ app_end ] --START--
INFO: Run Behavior\ShowPageTraceBehavior [ RunTime:0.001013s ]
INFO: [ app_end ] --END-- [ RunTime:0.001058s ]

[ 2016-06-06T16:54:50+08:00 ] ::1 /take-away-coffee/index.php/Home/Login/register
INFO: [ app_begin ] --START--
INFO: Run Behavior\ReadHtmlCacheBehavior [ RunTime:0.000696s ]
INFO: [ app_begin ] --END-- [ RunTime:0.001042s ]
SQL: SHOW COLUMNS FROM `user` [ RunTime:0.0490s ]
SQL: SELECT * FROM `user` WHERE `username` = 0  [ RunTime:0.0003s ]
INFO: [ app_end ] --START--
INFO: Run Behavior\ShowPageTraceBehavior [ RunTime:0.000995s ]
INFO: [ app_end ] --END-- [ RunTime:0.001061s ]

[ 2016-06-06T16:55:03+08:00 ] ::1 /take-away-coffee/index.php/Home/Login/register
INFO: [ app_begin ] --START--
INFO: Run Behavior\ReadHtmlCacheBehavior [ RunTime:0.000783s ]
INFO: [ app_begin ] --END-- [ RunTime:0.001138s ]
SQL: SHOW COLUMNS FROM `user` [ RunTime:0.0106s ]
SQL: SELECT * FROM `user` WHERE `username` = 0  [ RunTime:0.0003s ]
INFO: [ app_end ] --START--
INFO: Run Behavior\ShowPageTraceBehavior [ RunTime:0.000891s ]
INFO: [ app_end ] --END-- [ RunTime:0.000929s ]

[ 2016-06-06T17:00:09+08:00 ] ::1 /take-away-coffee/index.php/Home/Login/register
INFO: [ app_begin ] --START--
INFO: Run Behavior\ReadHtmlCacheBehavior [ RunTime:0.000816s ]
INFO: [ app_begin ] --END-- [ RunTime:0.001208s ]
INFO: [ app_end ] --START--
INFO: Run Behavior\ShowPageTraceBehavior [ RunTime:0.000818s ]
INFO: [ app_end ] --END-- [ RunTime:0.000867s ]

[ 2016-06-06T17:00:16+08:00 ] ::1 /take-away-coffee/index.php/Home/Login/register
INFO: [ app_begin ] --START--
INFO: Run Behavior\ReadHtmlCacheBehavior [ RunTime:0.001273s ]
INFO: [ app_begin ] --END-- [ RunTime:0.002041s ]
SQL: SHOW COLUMNS FROM `user` [ RunTime:0.0123s ]
SQL: SELECT * FROM `user` WHERE `username` = 0  [ RunTime:0.0003s ]
INFO: [ app_end ] --START--
INFO: Run Behavior\ShowPageTraceBehavior [ RunTime:0.000850s ]
INFO: [ app_end ] --END-- [ RunTime:0.000887s ]

[ 2016-06-06T17:00:22+08:00 ] ::1 /take-away-coffee/index.php/Home/Login/register
INFO: [ app_begin ] --START--
INFO: Run Behavior\ReadHtmlCacheBehavior [ RunTime:0.001326s ]
INFO: [ app_begin ] --END-- [ RunTime:0.002019s ]
SQL: SHOW COLUMNS FROM `user` [ RunTime:0.0170s ]
SQL: SELECT * FROM `user` WHERE `username` = 0  [ RunTime:0.0003s ]
INFO: [ app_end ] --START--
INFO: Run Behavior\ShowPageTraceBehavior [ RunTime:0.000876s ]
INFO: [ app_end ] --END-- [ RunTime:0.000938s ]

[ 2016-06-06T17:00:29+08:00 ] ::1 /take-away-coffee/index.php/Home/Login/register
INFO: [ app_begin ] --START--
INFO: Run Behavior\ReadHtmlCacheBehavior [ RunTime:0.000776s ]
INFO: [ app_begin ] --END-- [ RunTime:0.001196s ]
SQL: SHOW COLUMNS FROM `user` [ RunTime:0.0108s ]
SQL: SELECT * FROM `user` WHERE `username` = 0  [ RunTime:0.0003s ]
INFO: [ app_end ] --START--
INFO: Run Behavior\ShowPageTraceBehavior [ RunTime:0.000792s ]
INFO: [ app_end ] --END-- [ RunTime:0.000828s ]

[ 2016-06-06T17:00:32+08:00 ] ::1 /take-away-coffee/index.php/Home/Login/register
INFO: [ app_begin ] --START--
INFO: Run Behavior\ReadHtmlCacheBehavior [ RunTime:0.000900s ]
INFO: [ app_begin ] --END-- [ RunTime:0.001328s ]
SQL: SHOW COLUMNS FROM `user` [ RunTime:0.0196s ]
SQL: SELECT * FROM `user` WHERE `username` = 0  [ RunTime:0.0003s ]
INFO: [ app_end ] --START--
INFO: Run Behavior\ShowPageTraceBehavior [ RunTime:0.000832s ]
INFO: [ app_end ] --END-- [ RunTime:0.000875s ]

[ 2016-06-06T17:00:43+08:00 ] ::1 /take-away-coffee/index.php/Home/Login/register
INFO: [ app_begin ] --START--
INFO: Run Behavior\ReadHtmlCacheBehavior [ RunTime:0.000656s ]
INFO: [ app_begin ] --END-- [ RunTime:0.001007s ]
SQL: SHOW COLUMNS FROM `user` [ RunTime:0.0158s ]
SQL: SELECT * FROM `user` WHERE `username` = 0  [ RunTime:0.0005s ]
INFO: [ app_end ] --START--
INFO: Run Behavior\ShowPageTraceBehavior [ RunTime:0.001367s ]
INFO: [ app_end ] --END-- [ RunTime:0.001457s ]

[ 2016-06-06T17:00:48+08:00 ] ::1 /take-away-coffee/index.php/Home/Login/register
INFO: [ app_begin ] --START--
INFO: Run Behavior\ReadHtmlCacheBehavior [ RunTime:0.000721s ]
INFO: [ app_begin ] --END-- [ RunTime:0.001114s ]
SQL: SHOW COLUMNS FROM `user` [ RunTime:0.0111s ]
SQL: SELECT * FROM `user` WHERE `username` = 0  [ RunTime:0.0004s ]
INFO: [ app_end ] --START--
INFO: Run Behavior\ShowPageTraceBehavior [ RunTime:0.000890s ]
INFO: [ app_end ] --END-- [ RunTime:0.000936s ]

[ 2016-06-06T17:01:31+08:00 ] ::1 /take-away-coffee/index.php/Home/Login/register
INFO: [ app_begin ] --START--
INFO: Run Behavior\ReadHtmlCacheBehavior [ RunTime:0.000610s ]
INFO: [ app_begin ] --END-- [ RunTime:0.000937s ]
SQL: SHOW COLUMNS FROM `user` [ RunTime:0.0211s ]
SQL: SELECT * FROM `user` WHERE `username` = 0  [ RunTime:0.0004s ]
INFO: [ app_end ] --START--
INFO: Run Behavior\ShowPageTraceBehavior [ RunTime:0.001521s ]
INFO: [ app_end ] --END-- [ RunTime:0.001622s ]

[ 2016-06-06T17:01:48+08:00 ] ::1 /take-away-coffee/index.php/Home/Login/register
INFO: [ app_begin ] --START--
INFO: Run Behavior\ReadHtmlCacheBehavior [ RunTime:0.000707s ]
INFO: [ app_begin ] --END-- [ RunTime:0.001048s ]
SQL: SHOW COLUMNS FROM `user` [ RunTime:0.0141s ]
SQL: SELECT * FROM `user` WHERE `username` = 0  [ RunTime:0.0003s ]
INFO: [ app_end ] --START--
INFO: Run Behavior\ShowPageTraceBehavior [ RunTime:0.000955s ]
INFO: [ app_end ] --END-- [ RunTime:0.001000s ]

[ 2016-06-06T17:02:24+08:00 ] ::1 /take-away-coffee/index.php/Home/Login/register
INFO: [ app_begin ] --START--
INFO: Run Behavior\ReadHtmlCacheBehavior [ RunTime:0.000697s ]
INFO: [ app_begin ] --END-- [ RunTime:0.001031s ]
SQL: SHOW COLUMNS FROM `user` [ RunTime:0.0229s ]
SQL: SELECT * FROM `user` WHERE `username` = 'admin'  [ RunTime:0.0003s ]
INFO: [ app_end ] --START--
INFO: Run Behavior\ShowPageTraceBehavior [ RunTime:0.000951s ]
INFO: [ app_end ] --END-- [ RunTime:0.000993s ]

[ 2016-06-06T17:02:41+08:00 ] ::1 /take-away-coffee/index.php/Home/Login/register
INFO: [ app_begin ] --START--
INFO: Run Behavior\ReadHtmlCacheBehavior [ RunTime:0.000715s ]
INFO: [ app_begin ] --END-- [ RunTime:0.001069s ]
SQL: SHOW COLUMNS FROM `user` [ RunTime:0.0136s ]
SQL: SELECT * FROM `user` WHERE `username` = 'admin'  [ RunTime:0.0003s ]
INFO: [ app_end ] --START--
INFO: Run Behavior\ShowPageTraceBehavior [ RunTime:0.000877s ]
INFO: [ app_end ] --END-- [ RunTime:0.000914s ]

[ 2016-06-06T17:02:44+08:00 ] ::1 /take-away-coffee/index.php/Home/Login/register
INFO: [ app_begin ] --START--
INFO: Run Behavior\ReadHtmlCacheBehavior [ RunTime:0.000746s ]
INFO: [ app_begin ] --END-- [ RunTime:0.001088s ]
INFO: [ app_end ] --START--
INFO: Run Behavior\ShowPageTraceBehavior [ RunTime:0.000677s ]
INFO: [ app_end ] --END-- [ RunTime:0.000716s ]

[ 2016-06-06T17:03:02+08:00 ] ::1 /take-away-coffee/index.php/Home/Login/register
INFO: [ app_begin ] --START--
INFO: Run Behavior\ReadHtmlCacheBehavior [ RunTime:0.000815s ]
INFO: [ app_begin ] --END-- [ RunTime:0.001228s ]
SQL: SHOW COLUMNS FROM `user` [ RunTime:0.0234s ]
SQL: SELECT * FROM `user` WHERE `username` = 'whatyouthink'  [ RunTime:0.0003s ]
SQL: INSERT INTO `user` (`username`,`password`,`name`,`phone`) VALUES ('whatyouthink','123456','hai','123456') [ RunTime:0.0280s ]
SQL: SELECT * FROM `user` WHERE ( id = 6 )  [ RunTime:0.0003s ]
NOTIC: [8] Undefined index: id C:\xampp\htdocs\take-away-coffee\Application\Home\Controller\LoginController.class.php 第 32 行.
NOTIC: [8] Undefined index: username C:\xampp\htdocs\take-away-coffee\Application\Home\Controller\LoginController.class.php 第 33 行.
INFO: [ app_end ] --START--
INFO: Run Behavior\ShowPageTraceBehavior [ RunTime:0.000855s ]
INFO: [ app_end ] --END-- [ RunTime:0.000892s ]

[ 2016-06-06T17:28:58+08:00 ] ::1 /take-away-coffee/index.php/Home/Inde
ERR: 无法加载控制器:Inde

[ 2016-06-06T19:17:50+08:00 ] ::1 /take-away-coffee/index.php/Home/Login/register
INFO: [ app_begin ] --START--
INFO: Run Behavior\ReadHtmlCacheBehavior [ RunTime:0.000790s ]
INFO: [ app_begin ] --END-- [ RunTime:0.001184s ]
INFO: [ app_end ] --START--
INFO: Run Behavior\ShowPageTraceBehavior [ RunTime:0.000793s ]
INFO: [ app_end ] --END-- [ RunTime:0.000841s ]

[ 2016-06-06T19:17:51+08:00 ] ::1 /take-away-coffee/index.php/Home/Login/register
INFO: [ app_begin ] --START--
INFO: Run Behavior\ReadHtmlCacheBehavior [ RunTime:0.000838s ]
INFO: [ app_begin ] --END-- [ RunTime:0.001251s ]
INFO: [ app_end ] --START--
INFO: Run Behavior\ShowPageTraceBehavior [ RunTime:0.000993s ]
INFO: [ app_end ] --END-- [ RunTime:0.001047s ]

[ 2016-06-06T19:17:54+08:00 ] ::1 /take-away-coffee/index.php/Home/Login/register
INFO: [ app_begin ] --START--
INFO: Run Behavior\ReadHtmlCacheBehavior [ RunTime:0.000674s ]
INFO: [ app_begin ] --END-- [ RunTime:0.001002s ]
SQL: SHOW COLUMNS FROM `user` [ RunTime:0.0349s ]
SQL: SELECT * FROM `user` WHERE `username` = 'admin'  [ RunTime:0.0004s ]
INFO: [ app_end ] --START--
INFO: Run Behavior\ShowPageTraceBehavior [ RunTime:0.000887s ]
INFO: [ app_end ] --END-- [ RunTime:0.000931s ]

[ 2016-06-06T19:30:33+08:00 ] ::1 /take-away-coffee/index.php/Home/Login/login
INFO: [ app_begin ] --START--
INFO: Run Behavior\ReadHtmlCacheBehavior [ RunTime:0.000918s ]
INFO: [ app_begin ] --END-- [ RunTime:0.001483s ]
SQL: SHOW COLUMNS FROM `user` [ RunTime:0.0238s ]
SQL: SELECT * FROM `user` WHERE `username` = 'admin' AND `password` = '123456'  [ RunTime:0.0003s ]
NOTIC: [8] Undefined index: id C:\xampp\htdocs\take-away-coffee\Application\Home\Controller\LoginController.class.php 第 49 行.
NOTIC: [8] Undefined index: username C:\xampp\htdocs\take-away-coffee\Application\Home\Controller\LoginController.class.php 第 50 行.
NOTIC: [8] Undefined index: name C:\xampp\htdocs\take-away-coffee\Application\Home\Controller\LoginController.class.php 第 51 行.
INFO: [ app_end ] --START--
INFO: Run Behavior\ShowPageTraceBehavior [ RunTime:0.000868s ]
INFO: [ app_end ] --END-- [ RunTime:0.000915s ]

[ 2016-06-06T19:30:35+08:00 ] ::1 /take-away-coffee/index.php/Home/Login/login
INFO: [ app_begin ] --START--
INFO: Run Behavior\ReadHtmlCacheBehavior [ RunTime:0.000760s ]
INFO: [ app_begin ] --END-- [ RunTime:0.001157s ]
SQL: SHOW COLUMNS FROM `user` [ RunTime:0.0166s ]
SQL: SELECT * FROM `user` WHERE `username` = 'admin' AND `password` = '123456'  [ RunTime:0.0003s ]
NOTIC: [8] Undefined index: id C:\xampp\htdocs\take-away-coffee\Application\Home\Controller\LoginController.class.php 第 49 行.
NOTIC: [8] Undefined index: username C:\xampp\htdocs\take-away-coffee\Application\Home\Controller\LoginController.class.php 第 50 行.
NOTIC: [8] Undefined index: name C:\xampp\htdocs\take-away-coffee\Application\Home\Controller\LoginController.class.php 第 51 行.
INFO: [ app_end ] --START--
INFO: Run Behavior\ShowPageTraceBehavior [ RunTime:0.000951s ]
INFO: [ app_end ] --END-- [ RunTime:0.000995s ]

[ 2016-06-06T19:31:02+08:00 ] ::1 /take-away-coffee/index.php/Home/Login/login
INFO: [ app_begin ] --START--
INFO: Run Behavior\ReadHtmlCacheBehavior [ RunTime:0.001148s ]
INFO: [ app_begin ] --END-- [ RunTime:0.001712s ]
SQL: SHOW COLUMNS FROM `user` [ RunTime:0.0169s ]
SQL: SELECT * FROM `user` WHERE `username` = 'whatyouthink' AND `password` = '123456'  [ RunTime:0.0005s ]
NOTIC: [8] Undefined index: id C:\xampp\htdocs\take-away-coffee\Application\Home\Controller\LoginController.class.php 第 49 行.
NOTIC: [8] Undefined index: username C:\xampp\htdocs\take-away-coffee\Application\Home\Controller\LoginController.class.php 第 50 行.
NOTIC: [8] Undefined index: name C:\xampp\htdocs\take-away-coffee\Application\Home\Controller\LoginController.class.php 第 51 行.
INFO: [ app_end ] --START--
INFO: Run Behavior\ShowPageTraceBehavior [ RunTime:0.001331s ]
INFO: [ app_end ] --END-- [ RunTime:0.001406s ]

[ 2016-06-06T19:35:00+08:00 ] ::1 /take-away-coffee/index.php/Home/Login/login
INFO: [ app_begin ] --START--
INFO: Run Behavior\ReadHtmlCacheBehavior [ RunTime:0.000704s ]
INFO: [ app_begin ] --END-- [ RunTime:0.001031s ]
SQL: SHOW COLUMNS FROM `user` [ RunTime:0.0236s ]
SQL: SELECT * FROM `user` WHERE `username` = 'whatyouthink' AND `password` = '123456'  [ RunTime:0.0003s ]
NOTIC: [8] Undefined index: id C:\xampp\htdocs\take-away-coffee\Application\Home\Controller\LoginController.class.php 第 49 行.
NOTIC: [8] Undefined index: username C:\xampp\htdocs\take-away-coffee\Application\Home\Controller\LoginController.class.php 第 50 行.
NOTIC: [8] Undefined index: name C:\xampp\htdocs\take-away-coffee\Application\Home\Controller\LoginController.class.php 第 51 行.
INFO: [ app_end ] --START--
INFO: Run Behavior\ShowPageTraceBehavior [ RunTime:0.000876s ]
INFO: [ app_end ] --END-- [ RunTime:0.000923s ]

[ 2016-06-06T19:36:43+08:00 ] ::1 /take-away-coffee/index.php/Home/Login/login
INFO: [ app_begin ] --START--
INFO: Run Behavior\ReadHtmlCacheBehavior [ RunTime:0.000722s ]
INFO: [ app_begin ] --END-- [ RunTime:0.001090s ]
SQL: SHOW COLUMNS FROM `user` [ RunTime:0.0234s ]
SQL: SELECT * FROM `user` WHERE `username` = 'admin' AND `password` = '123456'  [ RunTime:0.0003s ]
NOTIC: [8] Undefined index: id C:\xampp\htdocs\take-away-coffee\Application\Home\Controller\LoginController.class.php 第 50 行.
NOTIC: [8] Undefined index: username C:\xampp\htdocs\take-away-coffee\Application\Home\Controller\LoginController.class.php 第 51 行.
NOTIC: [8] Undefined index: name C:\xampp\htdocs\take-away-coffee\Application\Home\Controller\LoginController.class.php 第 52 行.
INFO: [ app_end ] --START--
INFO: Run Behavior\ShowPageTraceBehavior [ RunTime:0.000853s ]
INFO: [ app_end ] --END-- [ RunTime:0.000891s ]

[ 2016-06-06T19:37:51+08:00 ] ::1 /take-away-coffee/index.php/Home/Login/login
INFO: [ app_begin ] --START--
INFO: Run Behavior\ReadHtmlCacheBehavior [ RunTime:0.000966s ]
INFO: [ app_begin ] --END-- [ RunTime:0.001370s ]
SQL: SHOW COLUMNS FROM `user` [ RunTime:0.0221s ]
SQL: SELECT * FROM `user` WHERE `username` = 'admin' AND `password` = '123456'  [ RunTime:0.0003s ]
NOTIC: [8] Undefined index: id C:\xampp\htdocs\take-away-coffee\Application\Home\Controller\LoginController.class.php 第 50 行.
NOTIC: [8] Undefined index: username C:\xampp\htdocs\take-away-coffee\Application\Home\Controller\LoginController.class.php 第 51 行.
NOTIC: [8] Undefined index: name C:\xampp\htdocs\take-away-coffee\Application\Home\Controller\LoginController.class.php 第 52 行.
INFO: [ app_end ] --START--
INFO: Run Behavior\ShowPageTraceBehavior [ RunTime:0.000861s ]
INFO: [ app_end ] --END-- [ RunTime:0.000900s ]

[ 2016-06-06T19:38:12+08:00 ] ::1 /take-away-coffee/index.php/Home/Login/login
INFO: [ app_begin ] --START--
INFO: Run Behavior\ReadHtmlCacheBehavior [ RunTime:0.000731s ]
INFO: [ app_begin ] --END-- [ RunTime:0.001059s ]
SQL: SHOW COLUMNS FROM `user` [ RunTime:0.0169s ]
SQL: SELECT * FROM `user` WHERE `username` = 'admin' AND `password` = '123456'  [ RunTime:0.0004s ]
NOTIC: [8] Undefined index: id C:\xampp\htdocs\take-away-coffee\Application\Home\Controller\LoginController.class.php 第 50 行.
NOTIC: [8] Undefined index: username C:\xampp\htdocs\take-away-coffee\Application\Home\Controller\LoginController.class.php 第 51 行.
NOTIC: [8] Undefined index: name C:\xampp\htdocs\take-away-coffee\Application\Home\Controller\LoginController.class.php 第 52 行.
INFO: [ app_end ] --START--
INFO: Run Behavior\ShowPageTraceBehavior [ RunTime:0.001376s ]
INFO: [ app_end ] --END-- [ RunTime:0.001445s ]

[ 2016-06-06T19:38:43+08:00 ] ::1 /take-away-coffee/index.php/Home/Login/login
INFO: [ app_begin ] --START--
INFO: Run Behavior\ReadHtmlCacheBehavior [ RunTime:0.001404s ]
INFO: [ app_begin ] --END-- [ RunTime:0.002195s ]
SQL: SHOW COLUMNS FROM `user` [ RunTime:0.0114s ]
SQL: SELECT * FROM `user` WHERE `username` = 'whatyouthink' AND `password` = '123456'  [ RunTime:0.0003s ]
NOTIC: [8] Undefined index: id C:\xampp\htdocs\take-away-coffee\Application\Home\Controller\LoginController.class.php 第 50 行.
NOTIC: [8] Undefined index: username C:\xampp\htdocs\take-away-coffee\Application\Home\Controller\LoginController.class.php 第 51 行.
NOTIC: [8] Undefined index: name C:\xampp\htdocs\take-away-coffee\Application\Home\Controller\LoginController.class.php 第 52 行.
INFO: [ app_end ] --START--
INFO: Run Behavior\ShowPageTraceBehavior [ RunTime:0.000839s ]
INFO: [ app_end ] --END-- [ RunTime:0.000877s ]

[ 2016-06-06T19:39:49+08:00 ] ::1 /take-away-coffee/index.php/Home/Login/login
INFO: [ app_begin ] --START--
INFO: Run Behavior\ReadHtmlCacheBehavior [ RunTime:0.000750s ]
INFO: [ app_begin ] --END-- [ RunTime:0.001271s ]
SQL: SHOW COLUMNS FROM `user` [ RunTime:0.0169s ]
SQL: SELECT * FROM `user` WHERE `username` = 'whatyouthink' AND `password` = '123456'  [ RunTime:0.0003s ]
NOTIC: [8] Undefined index: id C:\xampp\htdocs\take-away-coffee\Application\Home\Controller\LoginController.class.php 第 49 行.
NOTIC: [8] Undefined index: username C:\xampp\htdocs\take-away-coffee\Application\Home\Controller\LoginController.class.php 第 50 行.
NOTIC: [8] Undefined index: name C:\xampp\htdocs\take-away-coffee\Application\Home\Controller\LoginController.class.php 第 51 行.
INFO: [ app_end ] --START--
INFO: Run Behavior\ShowPageTraceBehavior [ RunTime:0.000823s ]
INFO: [ app_end ] --END-- [ RunTime:0.000862s ]

[ 2016-06-06T19:40:20+08:00 ] ::1 /take-away-coffee/index.php/Home/Login/login
INFO: [ app_begin ] --START--
INFO: Run Behavior\ReadHtmlCacheBehavior [ RunTime:0.000709s ]
INFO: [ app_begin ] --END-- [ RunTime:0.001221s ]
SQL: SHOW COLUMNS FROM `user` [ RunTime:0.0223s ]
SQL: SELECT * FROM `user` WHERE `username` = 'admin' AND `password` = '123456'  [ RunTime:0.0003s ]
NOTIC: [8] Undefined index: id C:\xampp\htdocs\take-away-coffee\Application\Home\Controller\LoginController.class.php 第 49 行.
NOTIC: [8] Undefined index: username C:\xampp\htdocs\take-away-coffee\Application\Home\Controller\LoginController.class.php 第 50 行.
NOTIC: [8] Undefined index: name C:\xampp\htdocs\take-away-coffee\Application\Home\Controller\LoginController.class.php 第 51 行.
INFO: [ app_end ] --START--
INFO: Run Behavior\ShowPageTraceBehavior [ RunTime:0.000841s ]
INFO: [ app_end ] --END-- [ RunTime:0.000880s ]

[ 2016-06-06T19:42:00+08:00 ] ::1 /take-away-coffee/index.php/Home/Login/login
INFO: [ app_begin ] --START--
INFO: Run Behavior\ReadHtmlCacheBehavior [ RunTime:0.001002s ]
INFO: [ app_begin ] --END-- [ RunTime:0.001566s ]
SQL: SHOW COLUMNS FROM `user` [ RunTime:0.0396s ]
SQL: SELECT * FROM `user` WHERE `username` = 'whatyouthink' AND `password` = '123456'  [ RunTime:0.0003s ]
INFO: [ app_end ] --START--
INFO: Run Behavior\ShowPageTraceBehavior [ RunTime:0.000832s ]
INFO: [ app_end ] --END-- [ RunTime:0.000869s ]

[ 2016-06-06T19:44:26+08:00 ] ::1 /take-away-coffee/index.php/Home/Login/login
INFO: [ app_begin ] --START--
INFO: Run Behavior\ReadHtmlCacheBehavior [ RunTime:0.001250s ]
INFO: [ app_begin ] --END-- [ RunTime:0.001870s ]
SQL: SHOW COLUMNS FROM `user` [ RunTime:0.0243s ]
SQL: SELECT * FROM `user` WHERE `username` = 'whatyouthink' AND `password` = '123456'  [ RunTime:0.0003s ]
INFO: [ app_end ] --START--
INFO: Run Behavior\ShowPageTraceBehavior [ RunTime:0.000893s ]
INFO: [ app_end ] --END-- [ RunTime:0.000958s ]

[ 2016-06-06T19:45:22+08:00 ] ::1 /take-away-coffee/index.php/Home/Login/register
INFO: [ app_begin ] --START--
INFO: Run Behavior\ReadHtmlCacheBehavior [ RunTime:0.000627s ]
INFO: [ app_begin ] --END-- [ RunTime:0.000968s ]
SQL: SHOW COLUMNS FROM `user` [ RunTime:0.0219s ]
SQL: SELECT * FROM `user` WHERE `username` = 'test'  [ RunTime:0.0003s ]
SQL: INSERT INTO `user` (`username`,`password`,`name`,`phone`) VALUES ('test','123456','蛤蛤','18345151815') [ RunTime:0.0003s ]
SQL: SELECT * FROM `user` WHERE ( id = 7 )  [ RunTime:0.0002s ]
NOTIC: [8] Undefined index: id C:\xampp\htdocs\take-away-coffee\Application\Home\Controller\LoginController.class.php 第 32 行.
NOTIC: [8] Undefined index: username C:\xampp\htdocs\take-away-coffee\Application\Home\Controller\LoginController.class.php 第 33 行.
NOTIC: [8] Undefined index: name C:\xampp\htdocs\take-away-coffee\Application\Home\Controller\LoginController.class.php 第 34 行.
INFO: [ app_end ] --START--
INFO: Run Behavior\ShowPageTraceBehavior [ RunTime:0.001586s ]
INFO: [ app_end ] --END-- [ RunTime:0.001662s ]

[ 2016-06-06T19:46:49+08:00 ] ::1 /take-away-coffee/index.php/Home/Login/register
INFO: [ app_begin ] --START--
INFO: Run Behavior\ReadHtmlCacheBehavior [ RunTime:0.000841s ]
INFO: [ app_begin ] --END-- [ RunTime:0.001269s ]
INFO: [ app_end ] --START--
INFO: Run Behavior\ShowPageTraceBehavior [ RunTime:0.000824s ]
INFO: [ app_end ] --END-- [ RunTime:0.000889s ]

[ 2016-06-06T19:47:00+08:00 ] ::1 /take-away-coffee/index.php/Home/Login/register
INFO: [ app_begin ] --START--
INFO: Run Behavior\ReadHtmlCacheBehavior [ RunTime:0.000635s ]
INFO: [ app_begin ] --END-- [ RunTime:0.000984s ]
INFO: [ app_end ] --START--
INFO: Run Behavior\ShowPageTraceBehavior [ RunTime:0.000675s ]
INFO: [ app_end ] --END-- [ RunTime:0.000727s ]

[ 2016-06-06T19:47:04+08:00 ] ::1 /take-away-coffee/index.php/Home/Login/register
INFO: [ app_begin ] --START--
INFO: Run Behavior\ReadHtmlCacheBehavior [ RunTime:0.000749s ]
INFO: [ app_begin ] --END-- [ RunTime:0.001184s ]
INFO: [ app_end ] --START--
INFO: Run Behavior\ShowPageTraceBehavior [ RunTime:0.000767s ]
INFO: [ app_end ] --END-- [ RunTime:0.000814s ]

[ 2016-06-06T19:47:04+08:00 ] ::1 /take-away-coffee/index.php/Home/Login/register
INFO: [ app_begin ] --START--
INFO: Run Behavior\ReadHtmlCacheBehavior [ RunTime:0.000731s ]
INFO: [ app_begin ] --END-- [ RunTime:0.001126s ]
INFO: [ app_end ] --START--
INFO: Run Behavior\ShowPageTraceBehavior [ RunTime:0.000765s ]
INFO: [ app_end ] --END-- [ RunTime:0.000816s ]

[ 2016-06-06T19:47:05+08:00 ] ::1 /take-away-coffee/index.php/Home/Login/register
INFO: [ app_begin ] --START--
INFO: Run Behavior\ReadHtmlCacheBehavior [ RunTime:0.000727s ]
INFO: [ app_begin ] --END-- [ RunTime:0.001115s ]
INFO: [ app_end ] --START--
INFO: Run Behavior\ShowPageTraceBehavior [ RunTime:0.000778s ]
INFO: [ app_end ] --END-- [ RunTime:0.000831s ]

[ 2016-06-06T19:47:13+08:00 ] ::1 /take-away-coffee/index.php/Home/Login/register
INFO: [ app_begin ] --START--
INFO: Run Behavior\ReadHtmlCacheBehavior [ RunTime:0.001509s ]
INFO: [ app_begin ] --END-- [ RunTime:0.002240s ]
SQL: SHOW COLUMNS FROM `user` [ RunTime:0.0109s ]
SQL: SELECT * FROM `user` WHERE `username` = 'zerox'  [ RunTime:0.0003s ]
SQL: INSERT INTO `user` (`username`,`password`,`name`,`phone`) VALUES ('zerox','123456','蛤蛤','18345151815') [ RunTime:0.0002s ]
SQL: SELECT * FROM `user` WHERE `username` = 'zerox' AND `password` = '123456' AND `name` = '蛤蛤' AND `phone` = '18345151815'  [ RunTime:0.0002s ]
INFO: [ app_end ] --START--
INFO: Run Behavior\ShowPageTraceBehavior [ RunTime:0.000825s ]
INFO: [ app_end ] --END-- [ RunTime:0.000871s ]

[ 2016-06-06T19:47:22+08:00 ] ::1 /take-away-coffee/index.php/Home/Login/login
INFO: [ app_begin ] --START--
INFO: Run Behavior\ReadHtmlCacheBehavior [ RunTime:0.000740s ]
INFO: [ app_begin ] --END-- [ RunTime:0.001143s ]
SQL: SHOW COLUMNS FROM `user` [ RunTime:0.0146s ]
SQL: SELECT * FROM `user` WHERE `username` = 'zerox' AND `password` = '123456'  [ RunTime:0.0003s ]
INFO: [ app_end ] --START--
INFO: Run Behavior\ShowPageTraceBehavior [ RunTime:0.001573s ]
INFO: [ app_end ] --END-- [ RunTime:0.001634s ]

[ 2016-06-06T19:57:24+08:00 ] ::1 /take-away-coffee/index.php/Home/Login/login
INFO: [ app_begin ] --START--
INFO: Run Behavior\ReadHtmlCacheBehavior [ RunTime:0.001209s ]
INFO: [ app_begin ] --END-- [ RunTime:0.001742s ]
SQL: SHOW COLUMNS FROM `user` [ RunTime:0.0236s ]
SQL: SELECT * FROM `user` WHERE `username` = 'zerox' AND `password` = '123456'  [ RunTime:0.0004s ]
INFO: [ app_end ] --START--
INFO: Run Behavior\ShowPageTraceBehavior [ RunTime:0.000868s ]
INFO: [ app_end ] --END-- [ RunTime:0.000910s ]

[ 2016-06-06T20:49:54+08:00 ] ::1 /take-away-coffee/index.php/Home/Login/login
INFO: [ app_begin ] --START--
INFO: Run Behavior\ReadHtmlCacheBehavior [ RunTime:0.000698s ]
INFO: [ app_begin ] --END-- [ RunTime:0.000996s ]
SQL: SHOW COLUMNS FROM `user` [ RunTime:0.0351s ]
SQL: SELECT * FROM `user` WHERE `username` = 'admin' AND `password` = '123456'  [ RunTime:0.0004s ]
INFO: [ app_end ] --START--
INFO: Run Behavior\ShowPageTraceBehavior [ RunTime:0.001020s ]
INFO: [ app_end ] --END-- [ RunTime:0.001081s ]

[ 2016-06-06T22:23:27+08:00 ] ::1 /take-away-coffee/index.php/Home/Login/login
INFO: [ app_begin ] --START--
INFO: Run Behavior\ReadHtmlCacheBehavior [ RunTime:0.000970s ]
INFO: [ app_begin ] --END-- [ RunTime:0.001396s ]
SQL: SHOW COLUMNS FROM `user` [ RunTime:0.0120s ]
SQL: SELECT * FROM `user` WHERE `username` = 'admin' AND `password` = '123456'  [ RunTime:0.0004s ]
INFO: [ app_end ] --START--
INFO: Run Behavior\ShowPageTraceBehavior [ RunTime:0.000853s ]
INFO: [ app_end ] --END-- [ RunTime:0.000893s ]

[ 2016-06-06T22:23:40+08:00 ] ::1 /take-away-coffee/index.php/Home/Login/login
INFO: [ app_begin ] --START--
INFO: Run Behavior\ReadHtmlCacheBehavior [ RunTime:0.000467s ]
INFO: [ app_begin ] --END-- [ RunTime:0.000786s ]
SQL: SHOW COLUMNS FROM `user` [ RunTime:0.0109s ]
SQL: SELECT * FROM `user` WHERE `username` = 'whatyouthink' AND `password` = '123456'  [ RunTime:0.0003s ]
INFO: [ app_end ] --START--
INFO: Run Behavior\ShowPageTraceBehavior [ RunTime:0.000545s ]
INFO: [ app_end ] --END-- [ RunTime:0.000582s ]

[ 2016-06-06T22:37:23+08:00 ] ::1 /take-away-coffee/index.php/Home/Login/login
INFO: [ app_begin ] --START--
INFO: Run Behavior\ReadHtmlCacheBehavior [ RunTime:0.000460s ]
INFO: [ app_begin ] --END-- [ RunTime:0.000917s ]
SQL: SHOW COLUMNS FROM `user` [ RunTime:0.0114s ]
SQL: SELECT * FROM `user` WHERE `username` = 'whatyouthink' AND `password` = '123456'  [ RunTime:0.0004s ]
INFO: [ app_end ] --START--
INFO: Run Behavior\ShowPageTraceBehavior [ RunTime:0.000781s ]
INFO: [ app_end ] --END-- [ RunTime:0.000840s ]

[ 2016-06-06T22:57:51+08:00 ] ::1 /take-away-coffee/index.php/Home/Index/booking
INFO: [ app_begin ] --START--
INFO: Run Behavior\ReadHtmlCacheBehavior [ RunTime:0.000451s ]
INFO: [ app_begin ] --END-- [ RunTime:0.000730s ]
SQL: SHOW COLUMNS FROM `goods` [ RunTime:0.0238s ]
SQL: SELECT * FROM `goods` WHERE `id` = 9  [ RunTime:0.0003s ]
SQL: SHOW COLUMNS FROM `booking` [ RunTime:0.0067s ]
SQL: INSERT INTO `booking` (`uid`,`gid`,`phone`,`candy`,`cold`,`time`) VALUES ('6','9','18345151815','2','2','2016-06-06 22:57:51') [ RunTime:0.0004s ]
INFO: [ app_end ] --START--
INFO: Run Behavior\ShowPageTraceBehavior [ RunTime:0.000590s ]
INFO: [ app_end ] --END-- [ RunTime:0.000631s ]

[ 2016-06-06T23:06:00+08:00 ] ::1 /take-away-coffee/index.php/Home/Index/booking
INFO: [ app_begin ] --START--
INFO: Run Behavior\ReadHtmlCacheBehavior [ RunTime:0.000478s ]
INFO: [ app_begin ] --END-- [ RunTime:0.000802s ]
SQL: SHOW COLUMNS FROM `goods` [ RunTime:0.0134s ]
SQL: SELECT * FROM `goods` WHERE `id` = 9  [ RunTime:0.0003s ]
SQL: SHOW COLUMNS FROM `booking` [ RunTime:0.0064s ]
SQL: INSERT INTO `booking` (`uid`,`gid`,`name`,`phone`,`candy`,`cold`,`time`) VALUES ('6','9','2','3','2','0','2016-06-06 23:06:00') [ RunTime:0.0003s ]
INFO: [ app_end ] --START--
INFO: Run Behavior\ShowPageTraceBehavior [ RunTime:0.000537s ]
INFO: [ app_end ] --END-- [ RunTime:0.000575s ]

[ 2016-06-06T23:07:13+08:00 ] ::1 /take-away-coffee/index.php/Home/Person/index?id=6
ERR: SQLSTATE[42S22]: Column not found: 1054 Unknown column 'booing.id' in 'field list'

