[ 2016-06-02T10:42:49+08:00 ] ::1 /take-away-coffee/index.php/Admin/Login/index.html
ERR: 模板不存在:./Application/Admin/View/Login/index.html

[ 2016-06-02T10:43:21+08:00 ] ::1 /take-away-coffee/index.php/Admin/Login/index.html
ERR: 模板不存在:./Application/Admin/View/Login/index.html

[ 2016-06-02T21:04:10+08:00 ] ::1 /take-away-coffee/index.php/Admin/Login/login?
ERR: 非法操作:login

[ 2016-06-02T21:04:33+08:00 ] ::1 /take-away-coffee/index.php/Admin/Login/login?
ERR: 非法操作:login

[ 2016-06-02T21:04:40+08:00 ] ::1 /take-away-coffee/index.php/Admin/Login/login
ERR: 非法操作:login

[ 2016-06-02T21:34:36+08:00 ] ::1 /take-away-coffee/index.php/Admin/Login/login
ERR: 模板不存在:./Application/Admin/View/Login/login.html

[ 2016-06-02T21:37:09+08:00 ] ::1 /take-away-coffee/index.php/Admin/Login/login
ERR: 模板不存在:./Application/Admin/View/Login/login.html

[ 2016-06-02T21:38:27+08:00 ] ::1 /take-away-coffee/index.php/Admin/Login/login
ERR: 模板不存在:./Application/Admin/View/Login/login.html

[ 2016-06-02T21:42:35+08:00 ] ::1 /take-away-coffee/index.php/Admin/Login/login
ERR: 模板不存在:./Application/Admin/View/Login/login.html

[ 2016-06-02T22:21:43+08:00 ] ::1 /take-away-coffee/index.php/Admin/Login/login
ERR: 模板不存在:./Application/Admin/View/Login/login.html

[ 2016-06-02T22:22:17+08:00 ] ::1 /take-away-coffee/index.php/Admin/Login/login
ERR: 模板不存在:./Application/Admin/View/Login/login.html

[ 2016-06-02T22:23:06+08:00 ] ::1 /take-away-coffee/index.php/Admin/Login/login
ERR: 无法加载数据库驱动: Think\Db\Driver\

[ 2016-06-02T22:29:42+08:00 ] ::1 /take-away-coffee/index.php/Admin/Login/login
ERR: SQLSTATE[42S02]: Base table or view not found: 1146 Table 'tacoffee.admin' doesn't exist

[ 2016-06-02T22:30:21+08:00 ] ::1 /take-away-coffee/index.php/Admin/Login/login
ERR: SQLSTATE[42S02]: Base table or view not found: 1146 Table 'tacoffee.admin' doesn't exist

